0000011010101101011100000100111111110011100000101011011001010001100001111111101000101001110111001001: -286
1000110011110010001010010010101001111110011110111110101101111101010101010100011101111001101011110110: -298
0000001010001100100111110100100101011111111001010101010011101110011000111001000010110001111000010110: -601
0110100111100010001110100111110101111101111100100010000100011011101101011101101001011001001100110000: 1
1110000101011010100101010011101110110100000111100110110111111000011101100111111100110111000100101011: -393
0111001010111001100110001000101110010111100001101010001101011101100110010111011110010111010001111101: -439
0110111000010000000001001001100110101001000100100101011111011101101000110101111100001010111100010110: -694
1100000100010100111000110110101101101010011010001100111000000010100101101010010011000101111110000011: -488
1010001000000110001001100100100011010000000011111000110000001000111111111000110110101101001100101010: -606
0000001001110100110110001100110110011111010100110101110000100111011110011000111100001001111111010101: -464
0111110101001111000001010010101110101111011101001011010001011101111101000011111000000000001101011001: -410
1011011100100100000000110000011010111001001010110110101100111010001100000001010011000000011100100000: 17
0011111100101100000101110011010101010001011011011110001101000010001001101000011100100110011000100000: -241
0101100110100111001111001000101011101110100010110100010011001100000111011010001111100101000110110100: 61
0001000001100001111110010110100100000100000000111001000000010000010001001001010010110110111100101011: -282
1000001110010011000000111011111000000110011010101101010111100000010100101001001111010011101001010101: -519
1010010011000001010110011111010101101100100100000111110000101101111011000010101110000110101001010111: -160
0001111101110011001011110010001001100010000001101010100101111110010111111110000101000010111101100111: -279
1110000111101011010000100001111001111100110001100010000001100101010110100100010111110000110101000011: -356
0011110000001001110010101001111110011111111010111010011011100011000111101000001001000101000001011000: -149
0000011101110101101110010110001000001011100101011000011100100010010111000100001101110001011010000011: -241
1011010101101010000011001110001110111101011010011000001110110011000110010011001101001110101100100111: -192
0010010111101111000100100110001100101100110010010001111100110100111101110001000001110001100110001111: -618
0101101110000011010101100101100000110011011000000000110010101101100101011111011011011010000111001111: -282
0000011000111111101111010011101001000010001101011100101100000000101000000000101000010001011111101000: -502
0110011101010100100111011100010011111001101111001000100000001000111010000100000100011011011111001110: -103
0111111000011010101001101100110110001111110010000101101011000111110001110011011001111000100011100100: -291
1101100001010110000000000011001101110110000111101100000001000100011000110100010000000011011001000111: -223
1000001101010000101101011111011110110110011010100000101010101111110101101000011011001111001110001111: -486
0100001100101101000011111000010000010000011111111111100000001010111111001110001100010110100101111010: -457
0000101001110110011000000111100100111011100101000101111100010011100010100000101011100000100111001100: -261
0000111011101110000100010001100001010111000011001010011010010010110001100101011010000101100111000000: -315
1101111011011110011100111000111101001000100111111001000101100010010110110101110001101001111100100011: -103
1110000001011010011100000000111000000001100110111001101111000100100000101110101010000111111101001000: -136
0100000010101010001111110001011001001101101101101010101101000101111000110100010111111001110100011001: -103
0110110110001101000101101001000011000001001011100110110010111110011011101100010000011000111010011100: 11
1000101101101100010010101110010011001100010100100101100011000101000110111000010001011010100110010001: -797
1110001000110100100010000101101011001101110000010010100110000010110010101101101110100010010111101100: -219
1001111011011010010010111001001101010000101101100001011111011111011111111001111011100011101010001111: -121
1111000101110001100000111110111000010000111100010110101010101010011111101111110101011100011110111000: -64
1000111110111010001001101100001110101100110001001111101000100011010100011011100111001011001001010000: -9
1110111111010111111010010000100010101000000011100001000000010100110010110111001000110111000010001101: -453
1011101001001011101110010010001100010100101010100110111110011101001011101000000011000101000110010100: -339
1000010010110001101000101011111110111101110010100000111010111000010010101100100100110011000110010011: -472
0110011100100111011101011100101010011101101110100010111001001100101010100011101100111010110000010111: -208
0100110110001101010100000001001011100110110010011000000000100011100011011010011111110110011010010011: -283
1001011001010110000100011000101001000100011100100101100010000111011100101111101011100111111010111001: -187
0100001010000010111011010110010000100001011110101011010001001011000000111101111110011010010111011010: -359
1110101001011010101011110100111000110000101000001100110100101000011011001100100000110100110011010010: 37
1101000010111011100001000100010000111010011110010010000011110110011111110001000100100011100110111100: -373
0110001011110111110101111001011001001100001010101101110011110110010100100101110100011100011000001011: -281
0001100100110010101100110100000100011001110100110010101111111001010111000100110101111000111010101110: -42
1101111101110010001101001110110100010110101101101011011110101111011010000010101000100011011101000101: -236
0011001110101111001001110100110110110001001111001001110100111100111110110001111011100110001110011101: -321
1110100001100011011111010101101011001011101100011000111100010001101010101001000101010110110110000001: -366
0101100000100001011010001110011001111001011111001100100101101011101001110101001111100010110011010110: -247
1111100001011111111110111011001110100100001011110001110001001100110101111111000010001001000110001011: -124
0111110010000110001111010110101110001100111100000100001010000101100010111001000110110011101111110111: -277
0000101110010100010001011110100100100110111000001011111010000011101110111110110001111000000111001111: -747
0000101110110111011010111011011010100000111101000001010111000000010000011000100101010000110010010010: -451
1011111000011110011001101110110011000100101000100000100110111010110010001011001000010101100000011010: -393
1000011001111011011001100000000011010110001011110010100101011010111110011110001001011110011110011100: -394
0001000011010011111000000100010000100000101100011111101111111101011011001111010100110001001111010100: -170
1100000100100110010011011110011111011011000001000001010100101010110011101101011010011001011010000001: -310
0001100100100001111100010101010010101101011010111000001010111010000100000001010110111100110011000010: -583
0000101111101001100000000111100100001110010110100110111100000111111000001101111000001110100011101011: -222
1100111011111100000000001000000100111011000110100101101101110100001100000011101110010001110110110001: 68
0100001100100101010111001000111101101000010100001010010110101011100100111100100000101111001101101110: -588
1100101111010111100101111110011000000111010001000010100011100001001010111101101101101101111101001110: -391
1100101101010101010000101110000001011111111101000011001010001001100111000111001100011110010110010000: -432
0110001101101111100100010111001000000001111000010011010001001101110010101011110111000001101110011010: -263
0010110000001000100010010100101100111101001101111111100010000111100000101011101100010010000110010010: -185
0110100100100011010101010000010001011101110001100010111100101111111001001001111111110100101010101010: -645
1110001001111011101111010000010001000100111010110000011011010010011011001100111010011110011001000101: -203
0000011010100001011000010110101000001110100101010111110001001101100011101111010110001000000100110101: -237
1101001010101110010001111110011101010011000011000101010100001100101100010010110000101100100110101011: -529
0100100101001011010111001101110000010011011110011000100111010010110101000011011001010101010011001001: -357
0000010001011011000001101101010000001100011110011011101010011011010000001110011110010011010111101101: -419
1110100110001010000010101101110000110101011110101100011111000000011011010100000110110001101111111000: -81
0011010101011110100111101011001011010000101110101110001100100001100000000011001110010110100101101100: -443
1000100111000011000010000111100000010111010011111010001110010010000011010001110010100011010000000011: -74
1001011010111100010100110011111011100101111001000010001100010101011001010110010010100011110110010000: -144
1111100111101001011111011110011110000101011101101010110001000001000110011011101000101100010010011000: -234
0110101101110101101110100111111110101111011101011101101010100011111000101011100111011110101100011111: -80
0100000000101010011000010011010100110110100000001101000000111101110111001010010111011110111001100011: -359
1101000001010011101010110000111101001001001000010101110110111100000001101010111101110110001111101001: -124
0000010010001011001111110000111101100101111111001010101001000110010101000011111010010111011010111100: -379
0100100110001011111010100110000011001011111010111011101110110111001001110010101010101110100011101100: -268
1010000000111101011101000101011000000000111010011110110100000100100111100101101000011101101110100011: -130
1101101011001101001000000011101011101000100100000101101101111000111101110000000100010110001101011101: -531
0111110010000000111101111100011100011010100100110010100100101011010100110100010011001011000101001111: -373
1111000100001010101111001100011000101011011110001110000011000100010111000110110010010111011011011000: -386
1111110011010111000100010010110001010011110111110100101010001001101000100011100111111110110101011110: 41
1000101010110011001011110110010010000111100111010011100101001000011100000111001000111111111010011101: -125
0111111001011111101100001000101010100110010101011001001100000101011000010000110010111101101101001101: 93
1110010001100000000001101011000110001001101101010010000111011110110011101001100101100101000111000001: -277
1110011111001111111010100011001111110101001111010011000101001100010000111100011011111100000100000010: -106
0011000001010011110000101111001100011011100100101101110001111000101010100001011101010001010100110011: -285
1010011001011010101111111011010001000110010111001100010011101101001110110101000000001000000110000111: -87
0110010101110000100011000001101101000010111010000001100110000000100100011110110110111100110110000010: -261
rate: 0.010000 / elapsed time: 0 / curr max val: 93
rate: 0.010000 / elapsed time: 0 / curr max val: 93
rate: 0.010000 / elapsed time: 0 / curr max val: 93
rate: 0.010000 / elapsed time: 0 / curr max val: 93
rate: 0.010000 / elapsed time: 0 / curr max val: 93
rate: 0.010000 / elapsed time: 0 / curr max val: 93
rate: 0.010000 / elapsed time: 0 / curr max val: 93
rate: 0.010000 / elapsed time: 0 / curr max val: 187
rate: 0.010000 / elapsed time: 0 / curr max val: 187
rate: 0.010000 / elapsed time: 0 / curr max val: 187
rate: 0.010000 / elapsed time: 0 / curr max val: 187
rate: 0.010000 / elapsed time: 0 / curr max val: 187
rate: 0.010000 / elapsed time: 0 / curr max val: 187
rate: 0.010000 / elapsed time: 0 / curr max val: 187
rate: 0.010000 / elapsed time: 0 / curr max val: 187
rate: 0.010000 / elapsed time: 0 / curr max val: 187
rate: 0.010000 / elapsed time: 0 / curr max val: 187
rate: 0.010000 / elapsed time: 0 / curr max val: 187
rate: 0.010000 / elapsed time: 0 / curr max val: 187
rate: 0.010000 / elapsed time: 0 / curr max val: 187
rate: 0.010000 / elapsed time: 0 / curr max val: 187
rate: 0.010000 / elapsed time: 0 / curr max val: 187
rate: 0.010000 / elapsed time: 0 / curr max val: 187
rate: 0.010000 / elapsed time: 0 / curr max val: 187
rate: 0.010000 / elapsed time: 0 / curr max val: 187
rate: 0.010000 / elapsed time: 0 / curr max val: 187
rate: 0.010000 / elapsed time: 0 / curr max val: 190
rate: 0.010000 / elapsed time: 0 / curr max val: 190
rate: 0.010000 / elapsed time: 0 / curr max val: 231
rate: 0.010000 / elapsed time: 0 / curr max val: 231
rate: 0.010000 / elapsed time: 0 / curr max val: 231
rate: 0.010000 / elapsed time: 0 / curr max val: 231
rate: 0.010000 / elapsed time: 0 / curr max val: 231
rate: 0.010000 / elapsed time: 0 / curr max val: 231
rate: 0.010000 / elapsed time: 0 / curr max val: 275
rate: 0.010000 / elapsed time: 0 / curr max val: 275
rate: 0.010000 / elapsed time: 0 / curr max val: 275
rate: 0.010000 / elapsed time: 0 / curr max val: 275
rate: 0.010000 / elapsed time: 0 / curr max val: 275
rate: 0.010000 / elapsed time: 0 / curr max val: 275
rate: 0.010000 / elapsed time: 0 / curr max val: 275
rate: 0.010000 / elapsed time: 0 / curr max val: 275
rate: 0.010000 / elapsed time: 0 / curr max val: 275
rate: 0.010000 / elapsed time: 0 / curr max val: 275
rate: 0.010000 / elapsed time: 0 / curr max val: 275
rate: 0.010000 / elapsed time: 0 / curr max val: 275
rate: 0.010000 / elapsed time: 0 / curr max val: 275
rate: 0.010000 / elapsed time: 0 / curr max val: 275
rate: 0.010000 / elapsed time: 0 / curr max val: 275
rate: 0.010000 / elapsed time: 0 / curr max val: 275
rate: 0.010000 / elapsed time: 0 / curr max val: 280
rate: 0.010000 / elapsed time: 0 / curr max val: 280
rate: 0.010000 / elapsed time: 0 / curr max val: 280
rate: 0.010000 / elapsed time: 0 / curr max val: 280
rate: 0.010000 / elapsed time: 0 / curr max val: 280
rate: 0.010000 / elapsed time: 0 / curr max val: 280
rate: 0.010000 / elapsed time: 0 / curr max val: 280
rate: 0.010000 / elapsed time: 0 / curr max val: 280
rate: 0.010000 / elapsed time: 0 / curr max val: 280
rate: 0.010000 / elapsed time: 0 / curr max val: 280
rate: 0.010000 / elapsed time: 0 / curr max val: 280
rate: 0.010000 / elapsed time: 0 / curr max val: 305
rate: 0.010000 / elapsed time: 0 / curr max val: 305
rate: 0.010000 / elapsed time: 0 / curr max val: 305
rate: 0.010000 / elapsed time: 0 / curr max val: 305
rate: 0.010000 / elapsed time: 0 / curr max val: 305
rate: 0.010000 / elapsed time: 0 / curr max val: 305
rate: 0.020000 / elapsed time: 0 / curr max val: 305
rate: 0.020000 / elapsed time: 0 / curr max val: 305
rate: 0.020000 / elapsed time: 0 / curr max val: 305
rate: 0.020000 / elapsed time: 0 / curr max val: 305
rate: 0.010000 / elapsed time: 0 / curr max val: 346
rate: 0.010000 / elapsed time: 0 / curr max val: 346
rate: 0.010000 / elapsed time: 0 / curr max val: 346
rate: 0.010000 / elapsed time: 0 / curr max val: 346
rate: 0.010000 / elapsed time: 0 / curr max val: 346
rate: 0.010000 / elapsed time: 0 / curr max val: 394
rate: 0.010000 / elapsed time: 0 / curr max val: 394
rate: 0.020000 / elapsed time: 0 / curr max val: 394
rate: 0.030000 / elapsed time: 0 / curr max val: 394
rate: 0.040000 / elapsed time: 0 / curr max val: 394
rate: 0.040000 / elapsed time: 0 / curr max val: 394
rate: 0.040000 / elapsed time: 0 / curr max val: 394
rate: 0.050000 / elapsed time: 0 / curr max val: 394
rate: 0.060000 / elapsed time: 0 / curr max val: 394
rate: 0.010000 / elapsed time: 0 / curr max val: 444
rate: 0.010000 / elapsed time: 0 / curr max val: 444
rate: 0.010000 / elapsed time: 0 / curr max val: 444
rate: 0.010000 / elapsed time: 0 / curr max val: 444
rate: 0.010000 / elapsed time: 0 / curr max val: 444
rate: 0.010000 / elapsed time: 0 / curr max val: 444
rate: 0.010000 / elapsed time: 0 / curr max val: 444
rate: 0.010000 / elapsed time: 0 / curr max val: 444
rate: 0.010000 / elapsed time: 0 / curr max val: 444
rate: 0.010000 / elapsed time: 0 / curr max val: 444
rate: 0.020000 / elapsed time: 0 / curr max val: 444
rate: 0.020000 / elapsed time: 0 / curr max val: 444
rate: 0.020000 / elapsed time: 0 / curr max val: 444
rate: 0.020000 / elapsed time: 0 / curr max val: 444
rate: 0.010000 / elapsed time: 0 / curr max val: 450
rate: 0.010000 / elapsed time: 0 / curr max val: 450
rate: 0.010000 / elapsed time: 0 / curr max val: 474
rate: 0.010000 / elapsed time: 0 / curr max val: 474
rate: 0.010000 / elapsed time: 0 / curr max val: 474
rate: 0.010000 / elapsed time: 0 / curr max val: 474
rate: 0.010000 / elapsed time: 0 / curr max val: 474
rate: 0.010000 / elapsed time: 0 / curr max val: 505
rate: 0.010000 / elapsed time: 0 / curr max val: 505
rate: 0.010000 / elapsed time: 0 / curr max val: 505
rate: 0.020000 / elapsed time: 0 / curr max val: 505
rate: 0.020000 / elapsed time: 0 / curr max val: 505
rate: 0.020000 / elapsed time: 0 / curr max val: 505
rate: 0.020000 / elapsed time: 0 / curr max val: 505
rate: 0.020000 / elapsed time: 0 / curr max val: 505
rate: 0.020000 / elapsed time: 0 / curr max val: 505
rate: 0.020000 / elapsed time: 0 / curr max val: 505
rate: 0.020000 / elapsed time: 0 / curr max val: 505
rate: 0.020000 / elapsed time: 0 / curr max val: 505
rate: 0.030000 / elapsed time: 0 / curr max val: 505
rate: 0.030000 / elapsed time: 0 / curr max val: 505
rate: 0.030000 / elapsed time: 0 / curr max val: 505
rate: 0.030000 / elapsed time: 0 / curr max val: 505
rate: 0.040000 / elapsed time: 0 / curr max val: 505
rate: 0.010000 / elapsed time: 0 / curr max val: 530
rate: 0.010000 / elapsed time: 0 / curr max val: 530
rate: 0.010000 / elapsed time: 0 / curr max val: 530
rate: 0.010000 / elapsed time: 0 / curr max val: 530
rate: 0.010000 / elapsed time: 0 / curr max val: 530
rate: 0.010000 / elapsed time: 0 / curr max val: 590
rate: 0.010000 / elapsed time: 0 / curr max val: 590
rate: 0.010000 / elapsed time: 0 / curr max val: 590
rate: 0.010000 / elapsed time: 0 / curr max val: 605
rate: 0.010000 / elapsed time: 0 / curr max val: 605
rate: 0.010000 / elapsed time: 0 / curr max val: 605
rate: 0.010000 / elapsed time: 0 / curr max val: 605
rate: 0.010000 / elapsed time: 0 / curr max val: 605
rate: 0.010000 / elapsed time: 0 / curr max val: 605
rate: 0.010000 / elapsed time: 0 / curr max val: 605
rate: 0.010000 / elapsed time: 0 / curr max val: 605
rate: 0.010000 / elapsed time: 0 / curr max val: 605
rate: 0.010000 / elapsed time: 0 / curr max val: 605
rate: 0.010000 / elapsed time: 0 / curr max val: 605
rate: 0.010000 / elapsed time: 0 / curr max val: 605
rate: 0.010000 / elapsed time: 0 / curr max val: 605
rate: 0.010000 / elapsed time: 0 / curr max val: 605
rate: 0.010000 / elapsed time: 0 / curr max val: 605
rate: 0.010000 / elapsed time: 0 / curr max val: 605
rate: 0.010000 / elapsed time: 0 / curr max val: 605
rate: 0.010000 / elapsed time: 0 / curr max val: 605
rate: 0.010000 / elapsed time: 0 / curr max val: 628
rate: 0.010000 / elapsed time: 0 / curr max val: 628
rate: 0.010000 / elapsed time: 0 / curr max val: 628
rate: 0.020000 / elapsed time: 0 / curr max val: 628
rate: 0.020000 / elapsed time: 0 / curr max val: 628
rate: 0.020000 / elapsed time: 0 / curr max val: 628
rate: 0.020000 / elapsed time: 0 / curr max val: 628
rate: 0.020000 / elapsed time: 0 / curr max val: 628
rate: 0.020000 / elapsed time: 0 / curr max val: 628
rate: 0.020000 / elapsed time: 0 / curr max val: 628
rate: 0.020000 / elapsed time: 0 / curr max val: 628
rate: 0.020000 / elapsed time: 0 / curr max val: 628
rate: 0.020000 / elapsed time: 0 / curr max val: 628
rate: 0.020000 / elapsed time: 0 / curr max val: 628
rate: 0.020000 / elapsed time: 0 / curr max val: 628
rate: 0.020000 / elapsed time: 0 / curr max val: 628
rate: 0.010000 / elapsed time: 0 / curr max val: 674
rate: 0.010000 / elapsed time: 0 / curr max val: 674
rate: 0.010000 / elapsed time: 0 / curr max val: 674
rate: 0.010000 / elapsed time: 0 / curr max val: 674
rate: 0.010000 / elapsed time: 0 / curr max val: 674
rate: 0.010000 / elapsed time: 0 / curr max val: 674
rate: 0.010000 / elapsed time: 0 / curr max val: 674
rate: 0.020000 / elapsed time: 0 / curr max val: 674
rate: 0.020000 / elapsed time: 0 / curr max val: 674
rate: 0.020000 / elapsed time: 0 / curr max val: 674
rate: 0.030000 / elapsed time: 0 / curr max val: 674
rate: 0.030000 / elapsed time: 0 / curr max val: 674
rate: 0.030000 / elapsed time: 0 / curr max val: 674
rate: 0.030000 / elapsed time: 0 / curr max val: 674
rate: 0.030000 / elapsed time: 0 / curr max val: 674
rate: 0.030000 / elapsed time: 0 / curr max val: 674
rate: 0.030000 / elapsed time: 0 / curr max val: 674
rate: 0.030000 / elapsed time: 0 / curr max val: 674
rate: 0.030000 / elapsed time: 0 / curr max val: 674
rate: 0.030000 / elapsed time: 0 / curr max val: 674
rate: 0.030000 / elapsed time: 0 / curr max val: 674
rate: 0.010000 / elapsed time: 0 / curr max val: 716
rate: 0.010000 / elapsed time: 0 / curr max val: 716
rate: 0.010000 / elapsed time: 0 / curr max val: 716
rate: 0.010000 / elapsed time: 0 / curr max val: 716
rate: 0.010000 / elapsed time: 0 / curr max val: 716
rate: 0.010000 / elapsed time: 0 / curr max val: 716
rate: 0.020000 / elapsed time: 0 / curr max val: 716
rate: 0.020000 / elapsed time: 0 / curr max val: 716
rate: 0.020000 / elapsed time: 0 / curr max val: 716
rate: 0.020000 / elapsed time: 0 / curr max val: 716
rate: 0.020000 / elapsed time: 0 / curr max val: 716
rate: 0.030000 / elapsed time: 0 / curr max val: 716
rate: 0.030000 / elapsed time: 0 / curr max val: 716
rate: 0.030000 / elapsed time: 0 / curr max val: 716
rate: 0.040000 / elapsed time: 0 / curr max val: 716
rate: 0.040000 / elapsed time: 0 / curr max val: 716
rate: 0.040000 / elapsed time: 0 / curr max val: 716
rate: 0.040000 / elapsed time: 0 / curr max val: 716
rate: 0.050000 / elapsed time: 0 / curr max val: 716
rate: 0.060000 / elapsed time: 0 / curr max val: 716
rate: 0.060000 / elapsed time: 0 / curr max val: 716
rate: 0.060000 / elapsed time: 0 / curr max val: 716
rate: 0.060000 / elapsed time: 0 / curr max val: 716
rate: 0.060000 / elapsed time: 0 / curr max val: 716
rate: 0.070000 / elapsed time: 0 / curr max val: 716
rate: 0.080000 / elapsed time: 0 / curr max val: 716
rate: 0.090000 / elapsed time: 0 / curr max val: 716
rate: 0.090000 / elapsed time: 0 / curr max val: 716
rate: 0.110000 / elapsed time: 0 / curr max val: 716
rate: 0.110000 / elapsed time: 0 / curr max val: 716
rate: 0.110000 / elapsed time: 0 / curr max val: 716
rate: 0.110000 / elapsed time: 0 / curr max val: 716
rate: 0.120000 / elapsed time: 0 / curr max val: 716
rate: 0.140000 / elapsed time: 0 / curr max val: 716
rate: 0.160000 / elapsed time: 0 / curr max val: 716
rate: 0.160000 / elapsed time: 0 / curr max val: 716
rate: 0.160000 / elapsed time: 0 / curr max val: 716
rate: 0.180000 / elapsed time: 0 / curr max val: 716
rate: 0.010000 / elapsed time: 0 / curr max val: 737
rate: 0.020000 / elapsed time: 0 / curr max val: 737
rate: 0.030000 / elapsed time: 0 / curr max val: 737
rate: 0.030000 / elapsed time: 0 / curr max val: 737
rate: 0.040000 / elapsed time: 0 / curr max val: 737
rate: 0.040000 / elapsed time: 0 / curr max val: 737
rate: 0.040000 / elapsed time: 0 / curr max val: 737
rate: 0.010000 / elapsed time: 0 / curr max val: 742
rate: 0.010000 / elapsed time: 0 / curr max val: 742
rate: 0.010000 / elapsed time: 0 / curr max val: 742
rate: 0.010000 / elapsed time: 0 / curr max val: 742
rate: 0.010000 / elapsed time: 0 / curr max val: 742
rate: 0.010000 / elapsed time: 0 / curr max val: 742
rate: 0.010000 / elapsed time: 0 / curr max val: 742
rate: 0.010000 / elapsed time: 0 / curr max val: 742
rate: 0.010000 / elapsed time: 0 / curr max val: 746
rate: 0.010000 / elapsed time: 0 / curr max val: 746
rate: 0.010000 / elapsed time: 0 / curr max val: 746
rate: 0.010000 / elapsed time: 0 / curr max val: 746
rate: 0.020000 / elapsed time: 0 / curr max val: 787
rate: 0.030000 / elapsed time: 0 / curr max val: 787
rate: 0.030000 / elapsed time: 0 / curr max val: 787
rate: 0.040000 / elapsed time: 0 / curr max val: 787
rate: 0.040000 / elapsed time: 0 / curr max val: 787
rate: 0.040000 / elapsed time: 0 / curr max val: 787
rate: 0.050000 / elapsed time: 0 / curr max val: 787
rate: 0.050000 / elapsed time: 0 / curr max val: 787
rate: 0.060000 / elapsed time: 0 / curr max val: 787
rate: 0.010000 / elapsed time: 0 / curr max val: 825
rate: 0.010000 / elapsed time: 0 / curr max val: 825
rate: 0.010000 / elapsed time: 0 / curr max val: 825
rate: 0.010000 / elapsed time: 0 / curr max val: 825
rate: 0.010000 / elapsed time: 0 / curr max val: 825
rate: 0.010000 / elapsed time: 0 / curr max val: 825
rate: 0.010000 / elapsed time: 0 / curr max val: 825
rate: 0.010000 / elapsed time: 0 / curr max val: 825
rate: 0.010000 / elapsed time: 0 / curr max val: 825
rate: 0.010000 / elapsed time: 0 / curr max val: 825
rate: 0.010000 / elapsed time: 0 / curr max val: 825
rate: 0.010000 / elapsed time: 0 / curr max val: 825
rate: 0.010000 / elapsed time: 0 / curr max val: 825
rate: 0.010000 / elapsed time: 0 / curr max val: 829
rate: 0.010000 / elapsed time: 0 / curr max val: 829
rate: 0.010000 / elapsed time: 0 / curr max val: 829
rate: 0.010000 / elapsed time: 0 / curr max val: 829
rate: 0.010000 / elapsed time: 0 / curr max val: 829
rate: 0.010000 / elapsed time: 0 / curr max val: 829
rate: 0.020000 / elapsed time: 0 / curr max val: 829
rate: 0.020000 / elapsed time: 0 / curr max val: 829
rate: 0.020000 / elapsed time: 0 / curr max val: 829
rate: 0.020000 / elapsed time: 0 / curr max val: 829
rate: 0.020000 / elapsed time: 0 / curr max val: 829
rate: 0.030000 / elapsed time: 0 / curr max val: 829
rate: 0.040000 / elapsed time: 0 / curr max val: 829
rate: 0.040000 / elapsed time: 0 / curr max val: 829
rate: 0.040000 / elapsed time: 0 / curr max val: 829
rate: 0.010000 / elapsed time: 0 / curr max val: 855
rate: 0.010000 / elapsed time: 0 / curr max val: 855
rate: 0.010000 / elapsed time: 0 / curr max val: 855
rate: 0.010000 / elapsed time: 0 / curr max val: 855
rate: 0.010000 / elapsed time: 0 / curr max val: 855
rate: 0.010000 / elapsed time: 0 / curr max val: 855
rate: 0.010000 / elapsed time: 0 / curr max val: 855
rate: 0.010000 / elapsed time: 0 / curr max val: 855
rate: 0.010000 / elapsed time: 0 / curr max val: 855
rate: 0.010000 / elapsed time: 0 / curr max val: 855
rate: 0.010000 / elapsed time: 0 / curr max val: 855
rate: 0.010000 / elapsed time: 0 / curr max val: 855
rate: 0.010000 / elapsed time: 0 / curr max val: 855
rate: 0.010000 / elapsed time: 0 / curr max val: 855
rate: 0.010000 / elapsed time: 0 / curr max val: 855
rate: 0.010000 / elapsed time: 0 / curr max val: 855
rate: 0.010000 / elapsed time: 0 / curr max val: 855
rate: 0.010000 / elapsed time: 0 / curr max val: 855
rate: 0.010000 / elapsed time: 0 / curr max val: 855
rate: 0.010000 / elapsed time: 0 / curr max val: 855
rate: 0.010000 / elapsed time: 0 / curr max val: 855
rate: 0.010000 / elapsed time: 0 / curr max val: 855
rate: 0.010000 / elapsed time: 0 / curr max val: 855
rate: 0.010000 / elapsed time: 0 / curr max val: 855
rate: 0.010000 / elapsed time: 0 / curr max val: 855
rate: 0.010000 / elapsed time: 0 / curr max val: 855
rate: 0.010000 / elapsed time: 0 / curr max val: 855
rate: 0.010000 / elapsed time: 0 / curr max val: 855
rate: 0.010000 / elapsed time: 0 / curr max val: 855
rate: 0.010000 / elapsed time: 0 / curr max val: 855
rate: 0.010000 / elapsed time: 0 / curr max val: 855
rate: 0.010000 / elapsed time: 0 / curr max val: 855
rate: 0.010000 / elapsed time: 0 / curr max val: 867
rate: 0.010000 / elapsed time: 0 / curr max val: 867
rate: 0.010000 / elapsed time: 0 / curr max val: 867
rate: 0.010000 / elapsed time: 0 / curr max val: 867
rate: 0.010000 / elapsed time: 0 / curr max val: 867
rate: 0.010000 / elapsed time: 0 / curr max val: 867
rate: 0.010000 / elapsed time: 0 / curr max val: 867
rate: 0.010000 / elapsed time: 0 / curr max val: 867
rate: 0.010000 / elapsed time: 0 / curr max val: 867
rate: 0.010000 / elapsed time: 0 / curr max val: 867
rate: 0.010000 / elapsed time: 0 / curr max val: 934
rate: 0.010000 / elapsed time: 0 / curr max val: 934
rate: 0.010000 / elapsed time: 0 / curr max val: 934
rate: 0.010000 / elapsed time: 0 / curr max val: 934
rate: 0.010000 / elapsed time: 0 / curr max val: 934
rate: 0.020000 / elapsed time: 0 / curr max val: 934
rate: 0.020000 / elapsed time: 0 / curr max val: 934
rate: 0.020000 / elapsed time: 0 / curr max val: 934
rate: 0.020000 / elapsed time: 0 / curr max val: 934
rate: 0.020000 / elapsed time: 0 / curr max val: 934
rate: 0.020000 / elapsed time: 0 / curr max val: 934
rate: 0.020000 / elapsed time: 0 / curr max val: 934
rate: 0.030000 / elapsed time: 0 / curr max val: 934
rate: 0.030000 / elapsed time: 0 / curr max val: 934
rate: 0.030000 / elapsed time: 0 / curr max val: 934
rate: 0.030000 / elapsed time: 0 / curr max val: 934
rate: 0.040000 / elapsed time: 0 / curr max val: 934
rate: 0.050000 / elapsed time: 0 / curr max val: 934
rate: 0.050000 / elapsed time: 0 / curr max val: 934
rate: 0.050000 / elapsed time: 0 / curr max val: 934
rate: 0.060000 / elapsed time: 0 / curr max val: 934
rate: 0.060000 / elapsed time: 0 / curr max val: 934
rate: 0.060000 / elapsed time: 0 / curr max val: 934
rate: 0.070000 / elapsed time: 0 / curr max val: 934
rate: 0.080000 / elapsed time: 0 / curr max val: 934
rate: 0.080000 / elapsed time: 0 / curr max val: 934
rate: 0.010000 / elapsed time: 0 / curr max val: 955
rate: 0.010000 / elapsed time: 0 / curr max val: 955
rate: 0.010000 / elapsed time: 0 / curr max val: 955
rate: 0.010000 / elapsed time: 0 / curr max val: 955
rate: 0.010000 / elapsed time: 0 / curr max val: 955
rate: 0.020000 / elapsed time: 0 / curr max val: 955
rate: 0.020000 / elapsed time: 0 / curr max val: 955
rate: 0.020000 / elapsed time: 0 / curr max val: 955
rate: 0.020000 / elapsed time: 0 / curr max val: 955
rate: 0.020000 / elapsed time: 0 / curr max val: 955
rate: 0.020000 / elapsed time: 0 / curr max val: 955
rate: 0.020000 / elapsed time: 0 / curr max val: 955
rate: 0.030000 / elapsed time: 0 / curr max val: 955
rate: 0.040000 / elapsed time: 0 / curr max val: 955
rate: 0.050000 / elapsed time: 0 / curr max val: 955
rate: 0.050000 / elapsed time: 0 / curr max val: 955
rate: 0.050000 / elapsed time: 0 / curr max val: 955
rate: 0.050000 / elapsed time: 0 / curr max val: 955
rate: 0.050000 / elapsed time: 0 / curr max val: 955
rate: 0.050000 / elapsed time: 0 / curr max val: 955
rate: 0.060000 / elapsed time: 0 / curr max val: 955
rate: 0.060000 / elapsed time: 0 / curr max val: 955
rate: 0.070000 / elapsed time: 0 / curr max val: 955
rate: 0.070000 / elapsed time: 0 / curr max val: 955
rate: 0.070000 / elapsed time: 0 / curr max val: 955
rate: 0.070000 / elapsed time: 0 / curr max val: 955
rate: 0.070000 / elapsed time: 0 / curr max val: 955
rate: 0.070000 / elapsed time: 0 / curr max val: 955
rate: 0.080000 / elapsed time: 0 / curr max val: 955
rate: 0.080000 / elapsed time: 0 / curr max val: 955
rate: 0.010000 / elapsed time: 0 / curr max val: 972
rate: 0.010000 / elapsed time: 0 / curr max val: 972
rate: 0.010000 / elapsed time: 0 / curr max val: 972
rate: 0.010000 / elapsed time: 0 / curr max val: 972
rate: 0.020000 / elapsed time: 0 / curr max val: 972
rate: 0.020000 / elapsed time: 0 / curr max val: 972
rate: 0.020000 / elapsed time: 0 / curr max val: 972
rate: 0.020000 / elapsed time: 0 / curr max val: 972
rate: 0.020000 / elapsed time: 0 / curr max val: 972
rate: 0.020000 / elapsed time: 0 / curr max val: 972
rate: 0.020000 / elapsed time: 0 / curr max val: 972
rate: 0.020000 / elapsed time: 0 / curr max val: 972
rate: 0.020000 / elapsed time: 0 / curr max val: 972
rate: 0.020000 / elapsed time: 0 / curr max val: 972
rate: 0.020000 / elapsed time: 0 / curr max val: 972
rate: 0.020000 / elapsed time: 0 / curr max val: 972
rate: 0.020000 / elapsed time: 0 / curr max val: 972
rate: 0.020000 / elapsed time: 0 / curr max val: 972
rate: 0.020000 / elapsed time: 0 / curr max val: 972
rate: 0.020000 / elapsed time: 0 / curr max val: 972
rate: 0.020000 / elapsed time: 0 / curr max val: 972
rate: 0.020000 / elapsed time: 0 / curr max val: 972
rate: 0.020000 / elapsed time: 0 / curr max val: 972
rate: 0.020000 / elapsed time: 0 / curr max val: 972
rate: 0.020000 / elapsed time: 0 / curr max val: 972
rate: 0.020000 / elapsed time: 0 / curr max val: 972
rate: 0.020000 / elapsed time: 0 / curr max val: 972
rate: 0.020000 / elapsed time: 0 / curr max val: 972
rate: 0.020000 / elapsed time: 0 / curr max val: 972
rate: 0.020000 / elapsed time: 0 / curr max val: 972
rate: 0.020000 / elapsed time: 0 / curr max val: 972
rate: 0.020000 / elapsed time: 0 / curr max val: 972
rate: 0.020000 / elapsed time: 0 / curr max val: 972
rate: 0.030000 / elapsed time: 0 / curr max val: 972
rate: 0.030000 / elapsed time: 0 / curr max val: 972
rate: 0.030000 / elapsed time: 0 / curr max val: 972
rate: 0.030000 / elapsed time: 0 / curr max val: 972
rate: 0.040000 / elapsed time: 0 / curr max val: 972
rate: 0.040000 / elapsed time: 0 / curr max val: 972
rate: 0.040000 / elapsed time: 0 / curr max val: 972
rate: 0.040000 / elapsed time: 0 / curr max val: 972
rate: 0.040000 / elapsed time: 0 / curr max val: 972
rate: 0.040000 / elapsed time: 0 / curr max val: 972
rate: 0.040000 / elapsed time: 0 / curr max val: 972
rate: 0.050000 / elapsed time: 0 / curr max val: 972
rate: 0.050000 / elapsed time: 0 / curr max val: 972
rate: 0.050000 / elapsed time: 0 / curr max val: 972
rate: 0.050000 / elapsed time: 0 / curr max val: 972
rate: 0.050000 / elapsed time: 0 / curr max val: 972
rate: 0.050000 / elapsed time: 0 / curr max val: 972
rate: 0.050000 / elapsed time: 0 / curr max val: 972
rate: 0.050000 / elapsed time: 0 / curr max val: 972
rate: 0.060000 / elapsed time: 0 / curr max val: 972
rate: 0.070000 / elapsed time: 0 / curr max val: 972
rate: 0.080000 / elapsed time: 0 / curr max val: 972
rate: 0.080000 / elapsed time: 0 / curr max val: 972
rate: 0.010000 / elapsed time: 0 / curr max val: 983
rate: 0.010000 / elapsed time: 0 / curr max val: 983
rate: 0.010000 / elapsed time: 0 / curr max val: 983
rate: 0.010000 / elapsed time: 0 / curr max val: 983
rate: 0.010000 / elapsed time: 0 / curr max val: 983
rate: 0.010000 / elapsed time: 0 / curr max val: 983
rate: 0.010000 / elapsed time: 0 / curr max val: 983
rate: 0.010000 / elapsed time: 0 / curr max val: 983
rate: 0.010000 / elapsed time: 0 / curr max val: 983
rate: 0.010000 / elapsed time: 0 / curr max val: 983
rate: 0.010000 / elapsed time: 0 / curr max val: 983
rate: 0.010000 / elapsed time: 0 / curr max val: 983
rate: 0.010000 / elapsed time: 0 / curr max val: 983
rate: 0.010000 / elapsed time: 0 / curr max val: 983
rate: 0.010000 / elapsed time: 0 / curr max val: 983
rate: 0.010000 / elapsed time: 0 / curr max val: 983
rate: 0.010000 / elapsed time: 0 / curr max val: 983
rate: 0.010000 / elapsed time: 0 / curr max val: 983
rate: 0.010000 / elapsed time: 0 / curr max val: 983
rate: 0.010000 / elapsed time: 0 / curr max val: 983
rate: 0.010000 / elapsed time: 0 / curr max val: 983
rate: 0.020000 / elapsed time: 0 / curr max val: 983
rate: 0.020000 / elapsed time: 0 / curr max val: 983
rate: 0.020000 / elapsed time: 0 / curr max val: 983
rate: 0.020000 / elapsed time: 0 / curr max val: 983
rate: 0.020000 / elapsed time: 0 / curr max val: 983
rate: 0.020000 / elapsed time: 0 / curr max val: 983
rate: 0.020000 / elapsed time: 0 / curr max val: 983
rate: 0.020000 / elapsed time: 0 / curr max val: 983
rate: 0.030000 / elapsed time: 0 / curr max val: 983
rate: 0.030000 / elapsed time: 0 / curr max val: 983
rate: 0.050000 / elapsed time: 0 / curr max val: 983
rate: 0.050000 / elapsed time: 0 / curr max val: 983
rate: 0.050000 / elapsed time: 0 / curr max val: 983
rate: 0.050000 / elapsed time: 0 / curr max val: 983
rate: 0.050000 / elapsed time: 0 / curr max val: 983
rate: 0.050000 / elapsed time: 0 / curr max val: 983
rate: 0.050000 / elapsed time: 0 / curr max val: 983
rate: 0.050000 / elapsed time: 0 / curr max val: 983
rate: 0.050000 / elapsed time: 0 / curr max val: 983
rate: 0.050000 / elapsed time: 0 / curr max val: 983
rate: 0.050000 / elapsed time: 0 / curr max val: 983
rate: 0.050000 / elapsed time: 0 / curr max val: 983
rate: 0.050000 / elapsed time: 0 / curr max val: 983
rate: 0.050000 / elapsed time: 0 / curr max val: 983
rate: 0.060000 / elapsed time: 0 / curr max val: 983
rate: 0.080000 / elapsed time: 0 / curr max val: 983
rate: 0.090000 / elapsed time: 0 / curr max val: 983
rate: 0.090000 / elapsed time: 0 / curr max val: 983
rate: 0.090000 / elapsed time: 0 / curr max val: 983
rate: 0.100000 / elapsed time: 0 / curr max val: 983
rate: 0.100000 / elapsed time: 0 / curr max val: 983
rate: 0.110000 / elapsed time: 0 / curr max val: 983
rate: 0.120000 / elapsed time: 0 / curr max val: 983
rate: 0.140000 / elapsed time: 0 / curr max val: 983
rate: 0.140000 / elapsed time: 0 / curr max val: 983
rate: 0.140000 / elapsed time: 0 / curr max val: 983
rate: 0.150000 / elapsed time: 0 / curr max val: 983
rate: 0.160000 / elapsed time: 0 / curr max val: 983
rate: 0.160000 / elapsed time: 0 / curr max val: 983
rate: 0.160000 / elapsed time: 0 / curr max val: 983
rate: 0.160000 / elapsed time: 0 / curr max val: 983
rate: 0.170000 / elapsed time: 0 / curr max val: 983
rate: 0.170000 / elapsed time: 0 / curr max val: 983
rate: 0.170000 / elapsed time: 0 / curr max val: 983
rate: 0.170000 / elapsed time: 0 / curr max val: 983
rate: 0.190000 / elapsed time: 0 / curr max val: 983
rate: 0.200000 / elapsed time: 0 / curr max val: 983
rate: 0.200000 / elapsed time: 0 / curr max val: 983
rate: 0.200000 / elapsed time: 0 / curr max val: 983
rate: 0.210000 / elapsed time: 0 / curr max val: 983
rate: 0.210000 / elapsed time: 0 / curr max val: 983
rate: 0.230000 / elapsed time: 0 / curr max val: 983
rate: 0.230000 / elapsed time: 0 / curr max val: 983
rate: 0.230000 / elapsed time: 0 / curr max val: 983
rate: 0.250000 / elapsed time: 0 / curr max val: 983
rate: 0.270000 / elapsed time: 0 / curr max val: 983
rate: 0.270000 / elapsed time: 0 / curr max val: 983
rate: 0.300000 / elapsed time: 0 / curr max val: 983
rate: 0.320000 / elapsed time: 0 / curr max val: 983
rate: 0.350000 / elapsed time: 0 / curr max val: 983
rate: 0.370000 / elapsed time: 0 / curr max val: 983
rate: 0.390000 / elapsed time: 0 / curr max val: 983
rate: 0.410000 / elapsed time: 0 / curr max val: 983
rate: 0.450000 / elapsed time: 0 / curr max val: 983
rate: 0.460000 / elapsed time: 0 / curr max val: 983
rate: 0.470000 / elapsed time: 0 / curr max val: 983
rate: 0.500000 / elapsed time: 0 / curr max val: 983
rate: 0.510000 / elapsed time: 0 / curr max val: 983
rate: 0.550000 / elapsed time: 0 / curr max val: 983
rate: 0.560000 / elapsed time: 0 / curr max val: 983
rate: 0.570000 / elapsed time: 0 / curr max val: 983
rate: 0.610000 / elapsed time: 0 / curr max val: 983
rate: 0.660000 / elapsed time: 0 / curr max val: 983
rate: 0.730000 / elapsed time: 0 / max val: 983
elapsed time: 0 us
max val: 983
final:
1111011001010111001010100011110110110001001001010101101010100011011000111101100010011100101110111011: 853
1101001001010111001010100011110110010001101101010001101010100111011000111111100011011100001110111111: 914
1111001001010111001010100011110110010001101101010001101010100011011000111111100011011100101110111111: 972
1101001001010111001010100011110110010001101101010001101010100011011000111111100011011100101110111111: 972
1111001001010111001010100011110110010001101101010001101010100011011000111111100011011100101110111111: 972
1111001001010111001011100011110110010001101101010001101010100011011000111111100011011100101110111111: 972
1111001001010111001011100011110110010001101101010001101010100011011000111111100011011100101110111111: 972
1101001001010111001010100011110110010001101101010001101010100011011000111111100011011100101110111111: 972
1111001001010111001010100011110110010001101101010001101010100011011000111111100011011100101110111111: 972
1111001001010111001011100011110110010001101101010001101010100011011000111111100011011100101110111111: 972
1101001001010111001010100011110110010001101101010001101010100011011000111111100011011100101110111111: 972
1101001001010111001010100011110110010001101101010001101010100011011000111111100011011100101110111011: 972
1101001001010111001011100011110110010001101101010001101010100011011000111111100011011100101110111111: 972
1101001001010111001011100011110110010001101101010001101010100011011000111111100011011100101110111111: 972
1111001001010111001010100011110110010001101101010001101010100011011000111111100011011100101110111111: 972
1101001001010111001010100011110110010001101101010001101010100011011000111111100011011100101110111111: 972
1111001001010111001010100011110110010001101101010001101010100011011000111111100011011100101110111111: 972
1101001001010111001010100011110110010001101101010001101010100011011000111111100011011100101110111111: 972
1101001001010111001010100011110110010001101101010001111010100011011000111111100011011100101110111111: 972
1101001001010111001010100011110110010001101101010001101010100011011000111111100011011100101110111111: 972
1111001001010111001010110011110110010001101101010001101010100011011000111111100011011100101110111111: 972
1101001001010111001010100011110110010001101101010001101010100011011000111111100011011100101110111111: 972
1101001001010111001010100011110110010001101101010001101010100011011000111111100011011100101110111111: 972
1101001001010111001010100011110110010001101101010001101010100011011000111111100011011100101110111111: 972
1111001001010111001010100011110110010001101101010001101010100011011000111111100011011100101110111111: 972
1111001001010111001010100011110110010001101101010001101010100011011000111111100011011100101110111111: 972
1101001001010111001010100011110110010001101101010001101010100011011000111111100011011100101110111111: 972
1111001001010111001011100011110110110001001001010101101011100011011000111111100010011100101100111011: 983
1101001001010111001010100011110110110001001001010101101011100011011000111111100010011100101110111011: 983
1111001001010111001010100011110110010001001001010001001011100011011000111101100010011100101110111011: 983
1101001001010111001010100011110110110001001001010101101011100011011000111101100010011100101110111011: 983
1111001001010111001010100011110110110001001001010101101011100011011000111111100010011100101110111011: 983
1101001001010111001010100011110110110001001001010101101010100111011000111101100010011100101110111011: 983
1111001001011111001010100011110110110001001001010101101011100011011000111111100010011100101100111011: 983
1111001001010111001010100011110110110001001001010001001011100011011000111101101010011100101110110011: 983
1101001001010111001010100011110110110001001001010101101011100011011000111111100010011100101100111011: 983
1111001001010111001010100011110110110000001001010001101011100011011000111111100010011100101100111011: 983
1111001001010111001010100011110110110001001001010101101011100011011100111101100010011100101110111011: 983
1101001001010111001010100011110110110001001001010101101011100011011000111101100010011100101110111011: 983
1111001001010111001010100011110110110001001001010001101011100011011000111111100010011100101100111011: 983
1111001001010111001010100011110110110001001001010101101011100011011110111101100010011100101110111011: 983
1111001001010111001010100011110110110001001001010101101011100011011000111111100010011100101110111011: 983
1101001001010111001010100011110110010001101001010001101010100011011000111110100011011100101110110111: 983
1111001001010111001010100011110110010001101001010001101010100011011000111110100011011100101110111111: 983
1111001001010111001010100011110110110001001001010101101011100011011000111101100010011100101110111011: 983
1101001001010111001010100011110110110001001001010101101011100011011000111111100010011100101110111011: 983
1111001001010111001010100011110110110001001001010001001011100011011100111101100010011100101110111011: 983
1101001001010111000010100011110110110001001001010101101011100011011000111101100010011100101110111011: 983
1101001001010111001011100011110110110001001001010101101011100011011000111111100010011100101100111011: 983
1101001001010111001010100011110110010001101001010001101010100011011000111110100011011100101110111111: 983
1111001001010111001010100011110110110001001001010101101011100011011000111111100010011100101110111011: 983
1101001001010111001010100011110110110001001001010001101011100011011000111111100010011100101100111011: 983
1101001001010111001010100011110110110001001001010101101011100011011000111111100010011100101100111011: 983
1101001001010111001010100011110110110001001001010101101011100011011000111111100010011100101110111011: 983
1101001001010111001010100011110110010001101001010001101010100011011000111110100011011100101110111111: 983
1111001001010111001010100011110110110001001001010101101011100011011000111111100010011100101110111011: 983
1111001001010111000010100011110110110001001001010101101011100011011000111101100010011100101110111011: 983
1101001001010111001010100011110110110001001001010101101011100011011000111111100010011100101110111011: 983
1101001001010111001010100011110110110001001001010101101011100011011100111101100010011100101110111011: 983
1111001001010111001010100011110110110001001001010101101011100011011000111111100010011100101100111011: 983
1101001001010111001010100011110110010001101001010001101010100011011000111110100011011100101110111111: 983
1111001001010111001010100011110110110001001001010101101011100011011000111111100010011100101110111011: 983
1111001001010111001010100011110110010001001001010001001011100011011000111101100010011100101110111011: 983
1111001001010111001010100011110110110001001001010101101010100011011000111101100010011100101110111011: 983
1101001001010111001010100011110110110001001001010101101011100011011000111111100010011100101110111011: 983
1111001001010111001010100011110110110001001001010101101011100011011000111111100010011100101110111011: 983
1101001001010111001010100011110110110001001001010101101011100011011000111101100010011100101110111011: 983
1101001001010111000010100011110110110001001001010101101011100011011000111101100010011100101110111011: 983
1111001001010111001010100011110110110000001001010001101011100011011000111111100010011100101100111011: 983
1111001001010111001010100011110110110001001001010101111011100011011000111111100010011100101110111011: 983
1111001001010111001010100011110110110001001001010001001011100011011000111101100010011100101110111011: 983
1101001001010111001010100011110110110001001001010001001011100011011000111101100010011100101110110011: 983
1111001001010111000010100011110110110001001001010101101011100011011000111101100010011100101110111011: 983
1111001001010111001010100011110110110001001001010101101011100011011000111111100010011100101110111011: 983
1101001001010111001010100011110110110001001001010101101011100011011000111111100010011100101110111011: 983
1101001001010111001010100011110110110001001001010101101011100011011100111101100010011100101110111011: 983
1111001001010111001010100011110110110001001001010001101011100011011000111111100010011100101100111011: 983
1101001001010111001010100011110110110001001001010101101011100011011000111111100010011100101110111011: 983
1101001001010111001010100011110110110001001001010101101011100011011000111111100010011100101110111011: 983
1101001001010111001010100011110110110001001001010001001011100011011000111101100010011100101110111011: 983
1101001001010111001010100011110110110001001001010101101011100011011000111111100010011100101110111011: 983
1101001001010111001010100011110110110001001001010101101011100011011000111101100010011100101110111011: 983
1111001001010111001010100011110110110001001001010101101011100011011000111111100010011100101110111011: 983
1111001001010111001010100011110110110001001001010101101011100011011000111101100010011100101110111011: 983
1111001001010111001010100011110110110001001001010101101011100011011000111101100010011100101110111011: 983
1111001001010111001010100011110110110001001001010101101011100011011000111111100010011100101110111011: 983
1101001001010111001010100011110110110001001001010101101011100011011000111111100010011100101100111011: 983
1111001001010111001010100011110110110001001001010101101011100011011000111111100010011100101110111011: 983
1111001001010111001010100011110110010001101001010001101010100011011000111110100011011100101110111111: 983
1111001001010111001010100011110110110001001001010101101011100011011000111111100010011100101100111011: 983
1111001001010111001010100011110110110001001001010001101011100011011000111111100010011100101100111011: 983
1111001001010111001010100011110110110001001001010101101011100011011100111101100010011100101110111011: 983
1101001001010111001010100011110110110001001001010101101011100011011100111101100010011100101110111011: 983
1111001001010111001010100011110110110001001001010101101011100011011000111111100010011100101100111011: 983
1101001001010111001010100011110110110001001001010101101011100011011000111101100010011100101110111011: 983
1111001001010111001010100011110110010001101001010001101010100011011000111110100011011100101110111111: 983
1101001001010111001010100011110110110001001001010101101011100011011100111101100010011100101110111011: 983
1111001001010111001010100011110110110001001001010101101011100011011000111101100010011100101110111011: 983
1101001001010111001010100011110110110001001001010101101011100011011000111111100010011100101110111011: 983
1101001001010111001010100011110110110001001001010101101011100011011000111111100010011100101110111011: 983

0011110010000010110110011100001000101100111110110001010100001101111100101010111110011001100010110100: -240
0100001111010101001001010111010000000001100010100001100111110100000000000000110110010001110110111011: -403
0110100111000101001000010001110010000010010000111011111101011010000100101100011100010100101001011001: -265
1111100011110000101101111111100011111111000100110001000111001001010101011001111101001010110100001010: -376
1010110001001001100101100001111110111010110000111101010100011100101100110110001111000010010110000110: -321
1000011110101010010000000001101001000110000101100010011011100000011000001101010111100001000000001110: -154
1001110110000101111110000101111011111100000010001101101011101000011111111110011111001101101000001010: -110
1011000011111110101001110010010110010001111000110000110001000011011111000110100000001001101100111000: 74
0100011001011010001101101101101010011101001010010000110000000101101011011110101101110001001111011110: -318
1010100101110000001101100111010101111001111101101110010000111001100100010100100011010101110010010000: -128
1001100110100101000100000011111100010000010010111001011011100010010100100111000100001000111100000010: -384
0110111010000000111101001110111000001100001001110000000110011110110000001111001101100001000111100101: 134
0011010001101011100111000111111110011010110011011000100011100011100000001100001011001100010100010110: -371
1100101001110101001110011111100010000001110110110000011000110101101001101110101011010111000010011111: -157
1100100110010101000000000001000110100111110110011011110110000011011000100111000101010001011011100000: -139
0000110010110000000001001110100101100101100100101001101010001011101110100110010110001100101000001110: -704
1001101110111000100001000100101001111100111011001010110001011101010100110111010011010010110010111110: 67
1010001010101001110000111110010110100001001001111111100001001110110111101001010100010110000110001010: -289
1100100000011010110110010010001001011011011100011010010011100000101110010110111110110111101101100011: -563
1101000101101101010010100001001111011000110000011010010011011100011111110110111101100011111001000110: -281
0101000010110001001010111000001000100101110011111000011010010100111111101100010110001100100010011100: -503
1010011110101011111000000001111011000010000101001101000000011111001100100110010101101110111101011101: -436
1010001110001101011010100001001100100011010010111110101101001110100000111110101010100011111001001100: 43
0101001110000010111110111000000010100110110111100110101001111111111000011000110001001100011000101001: -117
1010110000100101001010100100101100110110100010101100111001011100111111001001101011000100001010011100: -348
0011010101111011110111111110101101000010011110100101011010001001100111110101110110111010001101111100: -266
0011111010111101000110100110110011100000001010110011000001010011111110100101111110010010110111000000: -111
0000110100010011101100111000010010000110111100011101010110111100100110111001111001101110100010010000: -614
1111111010001000001110101000010101101000000010011000010100101101111011000001000101100100111011000101: -399
1101110010101010001011100110000100011010100000100001010001000000101010100100110100100100001011001100: -627
0010111101010000110000111111010011000111000000110110010101100101010101011011001000101111001010101111: -88
0110111011111001000100011010100110111010101010110110111010000110101000010111101110101000111100111011: -647
0010000111000010011100000000010011001110010011001111101101111110000011011110000110010100101011001100: -574
1000110011110100010100100110111100111111010000001010100111100010010001110110100001011000111000001000: -518
1010001001111010010011010100100101101000101101100101001011011001010110110100010011111001100010011000: -392
0111100000111000000011000100001000010010001110010001101110010110110001000001000000100011010100101101: -146
0101010010101000111000000001000000101100111101110011001101001011000100010100011000100011101100011001: -148
0001011100000000100010011101111111010100010010101110111111000010111010011110100011011100000101100001: -559
0101110100010000100111001111000010010000101101101111011100101110011011000110000011110010001110011110: -481
0000011100011000110001011000101101000100001110101101100011101011011011110001011110000101011101000101: -600
1010101000100101010001100101100101111010100100000000010001101011101100111101111111010000110011011100: -193
0111110100110001110011010110011000101011010011100111110111111011011011110011111100010111000111110011: -306
0001000000001010011010101111001000000010110010101000010110010001001000110101111111111000001001101110: -526
1100100010011000100010101111111011001000000010000001101010101000100101111110111111001111101110100011: -242
1010000011010011010110100100100001011110011000101011011001011011100010011111011111010110011110100101: -329
0101011110111110110111000000010000100111100000011000101111110010010000110010011111100011010011110100: -389
1011111101100110001010100001100001000111001110111010010110000011111100010001011100101111011010101000: -528
0100100000111011011110001011010000000100110011100011011000101010010100111110000000111111100101110101: -411
0000011011010100000110001010000011010011100110110110010111110001100101011000010111110100101101010000: -44
0100101011101101011110001011011000010110110000101001001110110010010101110110101101011100011000001010: -305
0101010000100110011111000001110110011000110100001111101101011000111011000101101011101101001111100100: -387
0100100011100000010000001001111011001001101100111111001101010111001000100010011101001111010100010010: -189
1110100000000000010001100011100010000010011001100110000100010111110111100000111110110001010000111101: 128
1100101101011110100000000001101011011001101010100100110110101000111111001100010011100101010110101110: 315
1100010101011110000100110000000100101010111110111111100100011001001000010101110001100010011110000100: -316
0101010110010000011000111100101001101100101010011010001101110010000110111110111010010100110101100111: -2
0011111010010000111111001110101001110111111101110010110101101101011000010110001110100110110000000100: -619
0011011110100111100001001100100100001110101010110110001111101001001100110010001010110011100000100010: -436
1101101100110111010010100110100110010001000110011000010001001111110010100111111001000010010101001000: -499
1011000011001110001000001100010000100101010101110010101011111111111000111101100100110001010100001101: -536
1011110100111000011010110110011110001011110011010001010001000111100001010001101101100110111110100111: -411
1001101101000111100100000111100010100011011001011001111100011110100011110011110001110100101010010011: 88
0001000000100110110001011101011011011010000000011011110000000111111010011111110011110010010011000101: -319
0111011100010000011001101111011000101010011111111001110101010110011110100111001101110101000001000110: -483
0001100101110100101101010010100101001011000000010111110111101010110001001001101110001100011010000010: -507
1110101001100101101010111000101110100000001011100101111011011001011110110001010000110011100100001111: -499
0101101000011000101000111000000000111111100000011101110000001001100011101000001111001001101011101100: -108
1110100011011000100011111100110000000101001101011000111001111101101110110011110110101111001111111001: 37
0111000011111011111110110001110101101100011111000110101111000000010100001110010111100001001011110100: -503
1001010100101101111110000101000100001100110000111010011011011001011001011011111010101000101000111011: -431
0001100111101001101101100001010101011101001101110000100100100110001010110000111111101001010001011010: -308
1111111101000010000101000010001110001101100101011001101001001100001101111100001111000100011101001101: 19
1000101011000111010110010000111011101011111001100111101101000101111000111110000010100000100111000010: 27
0011010000110111001110010110010011110000011001101000100101100110001101100101001101010000100111100110: -192
1110110001110011100100100010100001011111000010000010000011000110011100100111111110001000010001001101: -137
1011111001001111011101100101011010101000100101001111111101110010000101101011110001110011000001001111: -550
0011010100011001111011011000011101000000101011001100101000011101000010100001001101111010011001111110: -94
1000110001010011111011110010011110001000101101100001110001000011010100111111001000001001001001000000: -437
1011101000001000111111011101011110100000000111100011000110011100110111111010100110110101000100010011: -347
0001111010001010111010100110100111000001001111100101101111101100000000011100000010000111000010000101: -167
0110101100011001000010011101010000110001000010110100101111010010001111010011010000000111010010000111: -481
1101011011000000011010111001011001101000011011110011001101010111101000001110101100100000101000110011: -163
0100010100101001010101000110001011111111101001011001111100100000111000100101000100111001111110111110: -498
1010111010111000011110100010010111100101101001000010010110111110000111001101011110111100100011001111: -645
0110010011010100001101101111100010001000111101101011011100011110110011010100001100001101001110100001: 184
0101111010011011111110000100111001110110111101010111011000101001011000000010111110010010000110010110: -170
0100110110110011001001011011101101010000011010010111010111000010111001000111110001100101001000000100: -165
0001010000000001010000111011100110010010100101000011000101101110101101011001101000100101011100010111: -328
0011001100000010011100110111001000000100000011011111100000100001101101000001000101010010000110001111: -350
0001111010001000101110101100011000111010011111011100010110110110101000101011110010010001000011001101: -343
0001010011100001101110111100000011010000110010100001111001000011110010010011100100111010110101010110: -157
0011001011101011010010110111110010110111000111010111100100011110110101100111000011001011011100011011: -458
1001100101111110101101111011010101011101001110000110011010110010111000000101101111000101011010001110: 30
0010100000110000111110011100000011001000011001110010011001000001011111101001110011001101100110011101: -458
0000111110101001101011101110111011001110000111001101011000001101101001001010111101001101001101010010: -22
1111101100111001100101100100001100111011000100100110001011001111001100000000110101000101001101101010: -57
1101111110010010110001010011001001110101100011001101000001110010101110110111111001100100011010001000: -573
1010000000100011000010010000110001001011000011011010010010001001110011001000101000011011001000101100: -351
0100100101011100100001000000100110100001100110110110000101111111101101001111100011001110001110001011: -372
1100000111010010101101001101000010010001000000010101011101001000011010110111110001100010110011010111: -233
rate: 0.010000 / elapsed time: 0 / curr max val: 315
rate: 0.010000 / elapsed time: 0 / curr max val: 315
rate: 0.010000 / elapsed time: 0 / curr max val: 315
rate: 0.010000 / elapsed time: 0 / curr max val: 315
rate: 0.010000 / elapsed time: 0 / curr max val: 315
rate: 0.010000 / elapsed time: 0 / curr max val: 315
rate: 0.010000 / elapsed time: 0 / curr max val: 315
rate: 0.010000 / elapsed time: 0 / curr max val: 315
rate: 0.010000 / elapsed time: 0 / curr max val: 315
rate: 0.010000 / elapsed time: 0 / curr max val: 315
rate: 0.010000 / elapsed time: 0 / curr max val: 315
rate: 0.010000 / elapsed time: 0 / curr max val: 315
rate: 0.010000 / elapsed time: 0 / curr max val: 315
rate: 0.010000 / elapsed time: 0 / curr max val: 315
rate: 0.010000 / elapsed time: 0 / curr max val: 315
rate: 0.010000 / elapsed time: 0 / curr max val: 315
rate: 0.010000 / elapsed time: 0 / curr max val: 315
rate: 0.010000 / elapsed time: 0 / curr max val: 315
rate: 0.010000 / elapsed time: 0 / curr max val: 315
rate: 0.010000 / elapsed time: 0 / curr max val: 322
rate: 0.010000 / elapsed time: 0 / curr max val: 322
rate: 0.010000 / elapsed time: 0 / curr max val: 322
rate: 0.010000 / elapsed time: 0 / curr max val: 322
rate: 0.010000 / elapsed time: 0 / curr max val: 322
rate: 0.010000 / elapsed time: 0 / curr max val: 322
rate: 0.010000 / elapsed time: 0 / curr max val: 322
rate: 0.010000 / elapsed time: 0 / curr max val: 322
rate: 0.010000 / elapsed time: 0 / curr max val: 322
rate: 0.010000 / elapsed time: 0 / curr max val: 358
rate: 0.010000 / elapsed time: 0 / curr max val: 358
rate: 0.010000 / elapsed time: 0 / curr max val: 358
rate: 0.010000 / elapsed time: 0 / curr max val: 358
rate: 0.010000 / elapsed time: 0 / curr max val: 358
rate: 0.010000 / elapsed time: 0 / curr max val: 358
rate: 0.010000 / elapsed time: 0 / curr max val: 358
rate: 0.010000 / elapsed time: 0 / curr max val: 358
rate: 0.010000 / elapsed time: 0 / curr max val: 358
rate: 0.010000 / elapsed time: 0 / curr max val: 358
rate: 0.010000 / elapsed time: 0 / curr max val: 372
rate: 0.010000 / elapsed time: 0 / curr max val: 372
rate: 0.010000 / elapsed time: 0 / curr max val: 372
rate: 0.010000 / elapsed time: 0 / curr max val: 372
rate: 0.010000 / elapsed time: 0 / curr max val: 372
rate: 0.010000 / elapsed time: 0 / curr max val: 372
rate: 0.010000 / elapsed time: 0 / curr max val: 372
rate: 0.010000 / elapsed time: 0 / curr max val: 372
rate: 0.010000 / elapsed time: 0 / curr max val: 372
rate: 0.010000 / elapsed time: 0 / curr max val: 372
rate: 0.010000 / elapsed time: 0 / curr max val: 372
rate: 0.010000 / elapsed time: 0 / curr max val: 372
rate: 0.010000 / elapsed time: 0 / curr max val: 372
rate: 0.010000 / elapsed time: 0 / curr max val: 372
rate: 0.010000 / elapsed time: 0 / curr max val: 372
rate: 0.010000 / elapsed time: 0 / curr max val: 372
rate: 0.010000 / elapsed time: 0 / curr max val: 372
rate: 0.010000 / elapsed time: 0 / curr max val: 372
rate: 0.010000 / elapsed time: 0 / curr max val: 372
rate: 0.010000 / elapsed time: 0 / curr max val: 383
rate: 0.010000 / elapsed time: 0 / curr max val: 413
rate: 0.010000 / elapsed time: 0 / curr max val: 413
rate: 0.010000 / elapsed time: 0 / curr max val: 431
rate: 0.010000 / elapsed time: 0 / curr max val: 431
rate: 0.010000 / elapsed time: 0 / curr max val: 431
rate: 0.010000 / elapsed time: 0 / curr max val: 431
rate: 0.010000 / elapsed time: 0 / curr max val: 451
rate: 0.010000 / elapsed time: 0 / curr max val: 451
rate: 0.010000 / elapsed time: 0 / curr max val: 451
rate: 0.010000 / elapsed time: 0 / curr max val: 451
rate: 0.010000 / elapsed time: 0 / curr max val: 451
rate: 0.010000 / elapsed time: 0 / curr max val: 451
rate: 0.010000 / elapsed time: 0 / curr max val: 451
rate: 0.010000 / elapsed time: 0 / curr max val: 451
rate: 0.010000 / elapsed time: 0 / curr max val: 451
rate: 0.010000 / elapsed time: 0 / curr max val: 451
rate: 0.010000 / elapsed time: 0 / curr max val: 451
rate: 0.010000 / elapsed time: 0 / curr max val: 451
rate: 0.010000 / elapsed time: 0 / curr max val: 451
rate: 0.010000 / elapsed time: 0 / curr max val: 451
rate: 0.010000 / elapsed time: 0 / curr max val: 506
rate: 0.010000 / elapsed time: 0 / curr max val: 506
rate: 0.010000 / elapsed time: 0 / curr max val: 506
rate: 0.010000 / elapsed time: 0 / curr max val: 506
rate: 0.010000 / elapsed time: 0 / curr max val: 506
rate: 0.020000 / elapsed time: 0 / curr max val: 506
rate: 0.020000 / elapsed time: 0 / curr max val: 506
rate: 0.030000 / elapsed time: 0 / curr max val: 506
rate: 0.030000 / elapsed time: 0 / curr max val: 506
rate: 0.040000 / elapsed time: 0 / curr max val: 506
rate: 0.010000 / elapsed time: 0 / curr max val: 519
rate: 0.010000 / elapsed time: 0 / curr max val: 519
rate: 0.020000 / elapsed time: 0 / curr max val: 519
rate: 0.020000 / elapsed time: 0 / curr max val: 519
rate: 0.010000 / elapsed time: 0 / curr max val: 527
rate: 0.010000 / elapsed time: 0 / curr max val: 527
rate: 0.010000 / elapsed time: 0 / curr max val: 527
rate: 0.010000 / elapsed time: 0 / curr max val: 527
rate: 0.020000 / elapsed time: 0 / curr max val: 527
rate: 0.020000 / elapsed time: 0 / curr max val: 527
rate: 0.020000 / elapsed time: 0 / curr max val: 527
rate: 0.030000 / elapsed time: 0 / curr max val: 527
rate: 0.030000 / elapsed time: 0 / curr max val: 527
rate: 0.030000 / elapsed time: 0 / curr max val: 527
rate: 0.010000 / elapsed time: 0 / curr max val: 556
rate: 0.010000 / elapsed time: 0 / curr max val: 574
rate: 0.010000 / elapsed time: 0 / curr max val: 574
rate: 0.010000 / elapsed time: 0 / curr max val: 574
rate: 0.010000 / elapsed time: 0 / curr max val: 574
rate: 0.010000 / elapsed time: 0 / curr max val: 574
rate: 0.010000 / elapsed time: 0 / curr max val: 574
rate: 0.010000 / elapsed time: 0 / curr max val: 594
rate: 0.010000 / elapsed time: 0 / curr max val: 594
rate: 0.010000 / elapsed time: 0 / curr max val: 594
rate: 0.020000 / elapsed time: 0 / curr max val: 594
rate: 0.020000 / elapsed time: 0 / curr max val: 594
rate: 0.020000 / elapsed time: 0 / curr max val: 594
rate: 0.020000 / elapsed time: 0 / curr max val: 594
rate: 0.030000 / elapsed time: 0 / curr max val: 594
rate: 0.040000 / elapsed time: 0 / curr max val: 594
rate: 0.040000 / elapsed time: 0 / curr max val: 594
rate: 0.040000 / elapsed time: 0 / curr max val: 594
rate: 0.040000 / elapsed time: 0 / curr max val: 594
rate: 0.040000 / elapsed time: 0 / curr max val: 594
rate: 0.040000 / elapsed time: 0 / curr max val: 594
rate: 0.040000 / elapsed time: 0 / curr max val: 594
rate: 0.040000 / elapsed time: 0 / curr max val: 594
rate: 0.040000 / elapsed time: 0 / curr max val: 594
rate: 0.040000 / elapsed time: 0 / curr max val: 594
rate: 0.040000 / elapsed time: 0 / curr max val: 594
rate: 0.040000 / elapsed time: 0 / curr max val: 594
rate: 0.040000 / elapsed time: 0 / curr max val: 594
rate: 0.040000 / elapsed time: 0 / curr max val: 594
rate: 0.050000 / elapsed time: 0 / curr max val: 594
rate: 0.010000 / elapsed time: 0 / curr max val: 625
rate: 0.010000 / elapsed time: 0 / curr max val: 643
rate: 0.010000 / elapsed time: 0 / curr max val: 643
rate: 0.010000 / elapsed time: 0 / curr max val: 643
rate: 0.020000 / elapsed time: 0 / curr max val: 643
rate: 0.020000 / elapsed time: 0 / curr max val: 643
rate: 0.020000 / elapsed time: 0 / curr max val: 643
rate: 0.020000 / elapsed time: 0 / curr max val: 643
rate: 0.030000 / elapsed time: 0 / curr max val: 643
rate: 0.030000 / elapsed time: 0 / curr max val: 643
rate: 0.030000 / elapsed time: 0 / curr max val: 643
rate: 0.040000 / elapsed time: 0 / curr max val: 643
rate: 0.050000 / elapsed time: 0 / curr max val: 643
rate: 0.050000 / elapsed time: 0 / curr max val: 643
rate: 0.050000 / elapsed time: 0 / curr max val: 643
rate: 0.050000 / elapsed time: 0 / curr max val: 643
rate: 0.050000 / elapsed time: 0 / curr max val: 643
rate: 0.050000 / elapsed time: 0 / curr max val: 643
rate: 0.010000 / elapsed time: 0 / curr max val: 672
rate: 0.010000 / elapsed time: 0 / curr max val: 672
rate: 0.010000 / elapsed time: 0 / curr max val: 672
rate: 0.010000 / elapsed time: 0 / curr max val: 672
rate: 0.010000 / elapsed time: 0 / curr max val: 672
rate: 0.010000 / elapsed time: 0 / curr max val: 672
rate: 0.010000 / elapsed time: 0 / curr max val: 672
rate: 0.010000 / elapsed time: 0 / curr max val: 672
rate: 0.010000 / elapsed time: 0 / curr max val: 672
rate: 0.010000 / elapsed time: 0 / curr max val: 693
rate: 0.020000 / elapsed time: 0 / curr max val: 693
rate: 0.020000 / elapsed time: 0 / curr max val: 693
rate: 0.020000 / elapsed time: 0 / curr max val: 693
rate: 0.030000 / elapsed time: 0 / curr max val: 693
rate: 0.030000 / elapsed time: 0 / curr max val: 693
rate: 0.030000 / elapsed time: 0 / curr max val: 693
rate: 0.030000 / elapsed time: 0 / curr max val: 693
rate: 0.030000 / elapsed time: 0 / curr max val: 693
rate: 0.010000 / elapsed time: 0 / curr max val: 698
rate: 0.010000 / elapsed time: 0 / curr max val: 698
rate: 0.010000 / elapsed time: 0 / curr max val: 743
rate: 0.010000 / elapsed time: 0 / curr max val: 743
rate: 0.010000 / elapsed time: 0 / curr max val: 743
rate: 0.010000 / elapsed time: 0 / curr max val: 743
rate: 0.010000 / elapsed time: 0 / curr max val: 743
rate: 0.010000 / elapsed time: 0 / curr max val: 743
rate: 0.010000 / elapsed time: 0 / curr max val: 743
rate: 0.010000 / elapsed time: 0 / curr max val: 743
rate: 0.010000 / elapsed time: 0 / curr max val: 743
rate: 0.010000 / elapsed time: 0 / curr max val: 743
rate: 0.010000 / elapsed time: 0 / curr max val: 743
rate: 0.010000 / elapsed time: 0 / curr max val: 743
rate: 0.010000 / elapsed time: 0 / curr max val: 743
rate: 0.010000 / elapsed time: 0 / curr max val: 743
rate: 0.010000 / elapsed time: 0 / curr max val: 743
rate: 0.010000 / elapsed time: 0 / curr max val: 743
rate: 0.010000 / elapsed time: 0 / curr max val: 743
rate: 0.010000 / elapsed time: 0 / curr max val: 743
rate: 0.010000 / elapsed time: 0 / curr max val: 743
rate: 0.010000 / elapsed time: 0 / curr max val: 743
rate: 0.010000 / elapsed time: 0 / curr max val: 743
rate: 0.010000 / elapsed time: 0 / curr max val: 743
rate: 0.010000 / elapsed time: 0 / curr max val: 743
rate: 0.010000 / elapsed time: 0 / curr max val: 743
rate: 0.010000 / elapsed time: 0 / curr max val: 743
rate: 0.010000 / elapsed time: 0 / curr max val: 743
rate: 0.010000 / elapsed time: 0 / curr max val: 743
rate: 0.010000 / elapsed time: 0 / curr max val: 743
rate: 0.020000 / elapsed time: 0 / curr max val: 743
rate: 0.020000 / elapsed time: 0 / curr max val: 743
rate: 0.020000 / elapsed time: 0 / curr max val: 743
rate: 0.020000 / elapsed time: 0 / curr max val: 743
rate: 0.020000 / elapsed time: 0 / curr max val: 743
rate: 0.020000 / elapsed time: 0 / curr max val: 743
rate: 0.020000 / elapsed time: 0 / curr max val: 743
rate: 0.020000 / elapsed time: 0 / curr max val: 743
rate: 0.010000 / elapsed time: 0 / curr max val: 816
rate: 0.010000 / elapsed time: 0 / curr max val: 816
rate: 0.010000 / elapsed time: 0 / curr max val: 816
rate: 0.010000 / elapsed time: 0 / curr max val: 816
rate: 0.010000 / elapsed time: 0 / curr max val: 816
rate: 0.010000 / elapsed time: 0 / curr max val: 816
rate: 0.020000 / elapsed time: 0 / curr max val: 816
rate: 0.020000 / elapsed time: 0 / curr max val: 816
rate: 0.020000 / elapsed time: 0 / curr max val: 816
rate: 0.020000 / elapsed time: 0 / curr max val: 816
rate: 0.020000 / elapsed time: 0 / curr max val: 816
rate: 0.020000 / elapsed time: 0 / curr max val: 816
rate: 0.020000 / elapsed time: 0 / curr max val: 816
rate: 0.030000 / elapsed time: 0 / curr max val: 816
rate: 0.040000 / elapsed time: 0 / curr max val: 816
rate: 0.040000 / elapsed time: 0 / curr max val: 816
rate: 0.040000 / elapsed time: 0 / curr max val: 816
rate: 0.040000 / elapsed time: 0 / curr max val: 816
rate: 0.040000 / elapsed time: 0 / curr max val: 816
rate: 0.040000 / elapsed time: 0 / curr max val: 816
rate: 0.040000 / elapsed time: 0 / curr max val: 816
rate: 0.040000 / elapsed time: 0 / curr max val: 816
rate: 0.040000 / elapsed time: 0 / curr max val: 816
rate: 0.040000 / elapsed time: 0 / curr max val: 816
rate: 0.050000 / elapsed time: 0 / curr max val: 816
rate: 0.050000 / elapsed time: 0 / curr max val: 816
rate: 0.050000 / elapsed time: 0 / curr max val: 816
rate: 0.060000 / elapsed time: 0 / curr max val: 816
rate: 0.060000 / elapsed time: 0 / curr max val: 816
rate: 0.060000 / elapsed time: 0 / curr max val: 816
rate: 0.010000 / elapsed time: 0 / curr max val: 836
rate: 0.010000 / elapsed time: 0 / curr max val: 836
rate: 0.010000 / elapsed time: 0 / curr max val: 836
rate: 0.010000 / elapsed time: 0 / curr max val: 836
rate: 0.010000 / elapsed time: 0 / curr max val: 836
rate: 0.010000 / elapsed time: 0 / curr max val: 836
rate: 0.010000 / elapsed time: 0 / curr max val: 836
rate: 0.020000 / elapsed time: 0 / curr max val: 836
rate: 0.020000 / elapsed time: 0 / curr max val: 836
rate: 0.020000 / elapsed time: 0 / curr max val: 836
rate: 0.020000 / elapsed time: 0 / curr max val: 836
rate: 0.020000 / elapsed time: 0 / curr max val: 836
rate: 0.020000 / elapsed time: 0 / curr max val: 836
rate: 0.020000 / elapsed time: 0 / curr max val: 836
rate: 0.020000 / elapsed time: 0 / curr max val: 836
rate: 0.030000 / elapsed time: 0 / curr max val: 836
rate: 0.030000 / elapsed time: 0 / curr max val: 836
rate: 0.030000 / elapsed time: 0 / curr max val: 836
rate: 0.030000 / elapsed time: 0 / curr max val: 836
rate: 0.030000 / elapsed time: 0 / curr max val: 836
rate: 0.010000 / elapsed time: 0 / curr max val: 839
rate: 0.010000 / elapsed time: 0 / curr max val: 839
rate: 0.010000 / elapsed time: 0 / curr max val: 859
rate: 0.010000 / elapsed time: 0 / curr max val: 859
rate: 0.010000 / elapsed time: 0 / curr max val: 859
rate: 0.010000 / elapsed time: 0 / curr max val: 859
rate: 0.010000 / elapsed time: 0 / curr max val: 859
rate: 0.010000 / elapsed time: 0 / curr max val: 859
rate: 0.020000 / elapsed time: 0 / curr max val: 859
rate: 0.020000 / elapsed time: 0 / curr max val: 859
rate: 0.020000 / elapsed time: 0 / curr max val: 859
rate: 0.020000 / elapsed time: 0 / curr max val: 859
rate: 0.020000 / elapsed time: 0 / curr max val: 859
rate: 0.020000 / elapsed time: 0 / curr max val: 859
rate: 0.020000 / elapsed time: 0 / curr max val: 859
rate: 0.020000 / elapsed time: 0 / curr max val: 859
rate: 0.020000 / elapsed time: 0 / curr max val: 859
rate: 0.020000 / elapsed time: 0 / curr max val: 859
rate: 0.020000 / elapsed time: 0 / curr max val: 859
rate: 0.020000 / elapsed time: 0 / curr max val: 859
rate: 0.020000 / elapsed time: 0 / curr max val: 859
rate: 0.020000 / elapsed time: 0 / curr max val: 859
rate: 0.020000 / elapsed time: 0 / curr max val: 859
rate: 0.020000 / elapsed time: 0 / curr max val: 859
rate: 0.020000 / elapsed time: 0 / curr max val: 859
rate: 0.020000 / elapsed time: 0 / curr max val: 859
rate: 0.020000 / elapsed time: 0 / curr max val: 859
rate: 0.020000 / elapsed time: 0 / curr max val: 859
rate: 0.020000 / elapsed time: 0 / curr max val: 859
rate: 0.020000 / elapsed time: 0 / curr max val: 859
rate: 0.020000 / elapsed time: 0 / curr max val: 859
rate: 0.030000 / elapsed time: 0 / curr max val: 859
rate: 0.030000 / elapsed time: 0 / curr max val: 859
rate: 0.030000 / elapsed time: 0 / curr max val: 859
rate: 0.030000 / elapsed time: 0 / curr max val: 859
rate: 0.010000 / elapsed time: 0 / curr max val: 904
rate: 0.010000 / elapsed time: 0 / curr max val: 904
rate: 0.010000 / elapsed time: 0 / curr max val: 904
rate: 0.010000 / elapsed time: 0 / curr max val: 904
rate: 0.010000 / elapsed time: 0 / curr max val: 904
rate: 0.010000 / elapsed time: 0 / curr max val: 904
rate: 0.010000 / elapsed time: 0 / curr max val: 904
rate: 0.010000 / elapsed time: 0 / curr max val: 904
rate: 0.010000 / elapsed time: 0 / curr max val: 904
rate: 0.010000 / elapsed time: 0 / curr max val: 904
rate: 0.010000 / elapsed time: 0 / curr max val: 904
rate: 0.010000 / elapsed time: 0 / curr max val: 904
rate: 0.010000 / elapsed time: 0 / curr max val: 904
rate: 0.020000 / elapsed time: 0 / curr max val: 904
rate: 0.020000 / elapsed time: 0 / curr max val: 904
rate: 0.020000 / elapsed time: 0 / curr max val: 904
rate: 0.030000 / elapsed time: 0 / curr max val: 904
rate: 0.030000 / elapsed time: 0 / curr max val: 904
rate: 0.040000 / elapsed time: 0 / curr max val: 904
rate: 0.010000 / elapsed time: 0 / curr max val: 917
rate: 0.010000 / elapsed time: 0 / curr max val: 917
rate: 0.010000 / elapsed time: 0 / curr max val: 917
rate: 0.010000 / elapsed time: 0 / curr max val: 917
rate: 0.010000 / elapsed time: 0 / curr max val: 917
rate: 0.010000 / elapsed time: 0 / curr max val: 917
rate: 0.010000 / elapsed time: 0 / curr max val: 917
rate: 0.010000 / elapsed time: 0 / curr max val: 917
rate: 0.010000 / elapsed time: 0 / curr max val: 917
rate: 0.010000 / elapsed time: 0 / curr max val: 917
rate: 0.010000 / elapsed time: 0 / curr max val: 917
rate: 0.010000 / elapsed time: 0 / curr max val: 917
rate: 0.010000 / elapsed time: 0 / curr max val: 917
rate: 0.020000 / elapsed time: 0 / curr max val: 917
rate: 0.020000 / elapsed time: 0 / curr max val: 917
rate: 0.020000 / elapsed time: 0 / curr max val: 917
rate: 0.020000 / elapsed time: 0 / curr max val: 917
rate: 0.030000 / elapsed time: 0 / curr max val: 917
rate: 0.040000 / elapsed time: 0 / curr max val: 917
rate: 0.040000 / elapsed time: 0 / curr max val: 917
rate: 0.040000 / elapsed time: 0 / curr max val: 917
rate: 0.010000 / elapsed time: 0 / curr max val: 922
rate: 0.010000 / elapsed time: 0 / curr max val: 922
rate: 0.010000 / elapsed time: 0 / curr max val: 922
rate: 0.010000 / elapsed time: 0 / curr max val: 922
rate: 0.010000 / elapsed time: 0 / curr max val: 922
rate: 0.010000 / elapsed time: 0 / curr max val: 922
rate: 0.010000 / elapsed time: 0 / curr max val: 922
rate: 0.010000 / elapsed time: 0 / curr max val: 922
rate: 0.010000 / elapsed time: 0 / curr max val: 922
rate: 0.010000 / elapsed time: 0 / curr max val: 922
rate: 0.010000 / elapsed time: 0 / curr max val: 922
rate: 0.010000 / elapsed time: 0 / curr max val: 922
rate: 0.010000 / elapsed time: 0 / curr max val: 922
rate: 0.010000 / elapsed time: 0 / curr max val: 922
rate: 0.020000 / elapsed time: 0 / curr max val: 922
rate: 0.020000 / elapsed time: 0 / curr max val: 922
rate: 0.020000 / elapsed time: 0 / curr max val: 922
rate: 0.020000 / elapsed time: 0 / curr max val: 922
rate: 0.030000 / elapsed time: 0 / curr max val: 922
rate: 0.030000 / elapsed time: 0 / curr max val: 922
rate: 0.010000 / elapsed time: 0 / curr max val: 937
rate: 0.010000 / elapsed time: 0 / curr max val: 937
rate: 0.010000 / elapsed time: 0 / curr max val: 937
rate: 0.010000 / elapsed time: 0 / curr max val: 937
rate: 0.010000 / elapsed time: 0 / curr max val: 937
rate: 0.010000 / elapsed time: 0 / curr max val: 937
rate: 0.010000 / elapsed time: 0 / curr max val: 937
rate: 0.010000 / elapsed time: 0 / curr max val: 937
rate: 0.010000 / elapsed time: 0 / curr max val: 937
rate: 0.010000 / elapsed time: 0 / curr max val: 937
rate: 0.010000 / elapsed time: 0 / curr max val: 937
rate: 0.020000 / elapsed time: 0 / curr max val: 937
rate: 0.020000 / elapsed time: 0 / curr max val: 937
rate: 0.030000 / elapsed time: 0 / curr max val: 937
rate: 0.030000 / elapsed time: 0 / curr max val: 937
rate: 0.030000 / elapsed time: 0 / curr max val: 937
rate: 0.030000 / elapsed time: 0 / curr max val: 937
rate: 0.030000 / elapsed time: 0 / curr max val: 937
rate: 0.030000 / elapsed time: 0 / curr max val: 937
rate: 0.030000 / elapsed time: 0 / curr max val: 937
rate: 0.050000 / elapsed time: 0 / curr max val: 937
rate: 0.050000 / elapsed time: 0 / curr max val: 937
rate: 0.050000 / elapsed time: 0 / curr max val: 937
rate: 0.050000 / elapsed time: 0 / curr max val: 937
rate: 0.050000 / elapsed time: 0 / curr max val: 937
rate: 0.050000 / elapsed time: 0 / curr max val: 937
rate: 0.060000 / elapsed time: 0 / curr max val: 937
rate: 0.070000 / elapsed time: 0 / curr max val: 937
rate: 0.090000 / elapsed time: 0 / curr max val: 937
rate: 0.090000 / elapsed time: 0 / curr max val: 937
rate: 0.090000 / elapsed time: 0 / curr max val: 937
rate: 0.100000 / elapsed time: 0 / curr max val: 937
rate: 0.120000 / elapsed time: 0 / curr max val: 937
rate: 0.130000 / elapsed time: 0 / curr max val: 937
rate: 0.140000 / elapsed time: 0 / curr max val: 937
rate: 0.150000 / elapsed time: 0 / curr max val: 937
rate: 0.160000 / elapsed time: 0 / curr max val: 937
rate: 0.170000 / elapsed time: 0 / curr max val: 937
rate: 0.170000 / elapsed time: 0 / curr max val: 937
rate: 0.180000 / elapsed time: 0 / curr max val: 937
rate: 0.180000 / elapsed time: 0 / curr max val: 937
rate: 0.180000 / elapsed time: 0 / curr max val: 937
rate: 0.200000 / elapsed time: 0 / curr max val: 937
rate: 0.200000 / elapsed time: 0 / curr max val: 937
rate: 0.200000 / elapsed time: 0 / curr max val: 937
rate: 0.200000 / elapsed time: 0 / curr max val: 937
rate: 0.210000 / elapsed time: 0 / curr max val: 937
rate: 0.220000 / elapsed time: 0 / curr max val: 937
rate: 0.300000 / elapsed time: 0 / curr max val: 937
rate: 0.330000 / elapsed time: 0 / curr max val: 937
rate: 0.360000 / elapsed time: 0 / curr max val: 937
rate: 0.370000 / elapsed time: 0 / curr max val: 937
rate: 0.380000 / elapsed time: 0 / curr max val: 937
rate: 0.430000 / elapsed time: 0 / curr max val: 937
rate: 0.460000 / elapsed time: 0 / curr max val: 937
rate: 0.010000 / elapsed time: 0 / curr max val: 972
rate: 0.010000 / elapsed time: 0 / curr max val: 972
rate: 0.010000 / elapsed time: 0 / curr max val: 972
rate: 0.010000 / elapsed time: 0 / curr max val: 972
rate: 0.010000 / elapsed time: 0 / curr max val: 972
rate: 0.010000 / elapsed time: 0 / curr max val: 972
rate: 0.010000 / elapsed time: 0 / curr max val: 972
rate: 0.010000 / elapsed time: 0 / curr max val: 972
rate: 0.020000 / elapsed time: 0 / curr max val: 972
rate: 0.020000 / elapsed time: 0 / curr max val: 972
rate: 0.020000 / elapsed time: 0 / curr max val: 972
rate: 0.020000 / elapsed time: 0 / curr max val: 972
rate: 0.020000 / elapsed time: 0 / curr max val: 972
rate: 0.020000 / elapsed time: 0 / curr max val: 972
rate: 0.020000 / elapsed time: 0 / curr max val: 972
rate: 0.020000 / elapsed time: 0 / curr max val: 972
rate: 0.030000 / elapsed time: 0 / curr max val: 972
rate: 0.030000 / elapsed time: 0 / curr max val: 972
rate: 0.030000 / elapsed time: 0 / curr max val: 972
rate: 0.040000 / elapsed time: 0 / curr max val: 972
rate: 0.040000 / elapsed time: 0 / curr max val: 972
rate: 0.040000 / elapsed time: 0 / curr max val: 972
rate: 0.040000 / elapsed time: 0 / curr max val: 972
rate: 0.040000 / elapsed time: 0 / curr max val: 972
rate: 0.040000 / elapsed time: 0 / curr max val: 972
rate: 0.050000 / elapsed time: 0 / curr max val: 972
rate: 0.050000 / elapsed time: 0 / curr max val: 972
rate: 0.060000 / elapsed time: 0 / curr max val: 972
rate: 0.060000 / elapsed time: 0 / curr max val: 972
rate: 0.060000 / elapsed time: 0 / curr max val: 972
rate: 0.060000 / elapsed time: 0 / curr max val: 972
rate: 0.060000 / elapsed time: 0 / curr max val: 972
rate: 0.060000 / elapsed time: 0 / curr max val: 972
rate: 0.070000 / elapsed time: 0 / curr max val: 972
rate: 0.080000 / elapsed time: 0 / curr max val: 972
rate: 0.080000 / elapsed time: 0 / curr max val: 972
rate: 0.080000 / elapsed time: 0 / curr max val: 972
rate: 0.080000 / elapsed time: 0 / curr max val: 972
rate: 0.090000 / elapsed time: 0 / curr max val: 972
rate: 0.090000 / elapsed time: 0 / curr max val: 972
rate: 0.110000 / elapsed time: 0 / curr max val: 972
rate: 0.110000 / elapsed time: 0 / curr max val: 972
rate: 0.110000 / elapsed time: 0 / curr max val: 972
rate: 0.130000 / elapsed time: 0 / curr max val: 972
rate: 0.140000 / elapsed time: 0 / curr max val: 972
rate: 0.170000 / elapsed time: 0 / curr max val: 972
rate: 0.180000 / elapsed time: 0 / curr max val: 972
rate: 0.190000 / elapsed time: 0 / curr max val: 972
rate: 0.210000 / elapsed time: 0 / curr max val: 972
rate: 0.230000 / elapsed time: 0 / curr max val: 972
rate: 0.250000 / elapsed time: 0 / curr max val: 972
rate: 0.270000 / elapsed time: 0 / curr max val: 972
rate: 0.280000 / elapsed time: 0 / curr max val: 972
rate: 0.300000 / elapsed time: 0 / curr max val: 972
rate: 0.320000 / elapsed time: 0 / curr max val: 972
rate: 0.350000 / elapsed time: 0 / curr max val: 972
rate: 0.350000 / elapsed time: 0 / curr max val: 972
rate: 0.370000 / elapsed time: 0 / curr max val: 972
rate: 0.390000 / elapsed time: 0 / curr max val: 972
rate: 0.400000 / elapsed time: 0 / curr max val: 972
rate: 0.430000 / elapsed time: 0 / curr max val: 972
rate: 0.460000 / elapsed time: 0 / curr max val: 972
rate: 0.480000 / elapsed time: 0 / curr max val: 972
rate: 0.520000 / elapsed time: 0 / curr max val: 972
rate: 0.530000 / elapsed time: 0 / curr max val: 972
rate: 0.560000 / elapsed time: 0 / curr max val: 972
rate: 0.590000 / elapsed time: 0 / curr max val: 972
rate: 0.620000 / elapsed time: 0 / curr max val: 972
rate: 0.650000 / elapsed time: 0 / curr max val: 972
rate: 0.700000 / elapsed time: 0 / max val: 972
elapsed time: 0 us
max val: 972
final:
0100101101101000111110000011110110100011010000010000100101000101110011110010110001110101111000011011: 613
0110101111100000100110001011100110100011010000010000100101000101010001110011110001110101101000011001: 880
0100101101100000111110000011100110100011110000010000100100000101110011110011110001110111101000011011: 924
0100101101100000111110000011100110100011110000110000100100000101110011110011110101110101101000011011: 967
0100101101100000111110000011100110100011110000110000100100000101110011110011110101110101101000011011: 967
0100101101100000111110000011100110100011110000110000100100000101110011110011110001110101101000011011: 967
0100101101100000111110000011100110100011110000110000100100000101110011110011110001110101101000011011: 967
0110101101101000111110000011100110100011110000110000100100000101110001110011110001110101101000011011: 967
0100101101100000111110000011100110100011110000110000100100000101110011110011110001110101101000011011: 967
0100101101100000111110000011100110100011110000110000100100000101110011110011110001110101101000011011: 967
0100101111100000100110000011100110100011010000110000100101000101010001110011110001110101101000011001: 967
0100101101100000111110000011100110100011110000110000100100000101110011110011110101110101101000011011: 967
0110101101100000111110000011100110100011110000110000100100000101110011110011110101110101101000011011: 967
0100101101100000111110000011100110100011110000110010100100000101110011110011110001110101101000011011: 967
0110101101100000111110000011100110100011110000110000100100000101110011110011110001110101101000011011: 967
0100101111100000100110000011100110100011010000110000100101000101010001110011110001110101101000011001: 967
0100101101100000111110000011100110100011110000110000100100000101110011110011110001110101101000011011: 967
0100101111100000100110000011100110100011010000110000100101000101010001110011110001110101101000011001: 967
0110101101100000111110000011100110100011110000110010100100000101110011110011110001110101101000011011: 967
0100101111100000100110000011100110100011010000110000100101000101010001110011110001110101101000011001: 967
0100101101100000111110000011100110100011110000110000100100000101110011110011110001110101101000011011: 967
0110101101100000111110000011100110100011110000110000100100000101110011110011110001110101101000011011: 967
0100101111100000100110000011100110100011010000110000100101000101010001110011110001110101101000011001: 967
0100101101100000111110000011100110100011110000110000100100000101110011110011110001110101101000011011: 967
0100101101100000111110000011100110100011110000110000100100000101110011110011110001110101101000011011: 967
0100101101100000111110000011100110100011110000110000100100000101110011110011110001110101101000011011: 967
0110101101100000111110000011100110100011110000110000100100000101110011110011110001110101101000011011: 967
0100101101100000111110000011100110100011110000110000100100000101110011110011110001110101101000011011: 967
0100101101100000111110000011100110100011110000110000100100000101110011110011110001110101101000011011: 967
0100101101100000111110000011100110100011110000110000100100000101110011110011110001110101101000011011: 967
0100101101100000111110000011100110100011110000010000100100000101110011110011110001110101101000011011: 972
0100101101100000111110000011100110100011110000010000100100000101110011110011110001110101101000011011: 972
0100101101100000111110000011100110100011110000010000100100000101110011110011110001110101101000011011: 972
0100101101100000111110000011100110100011110000010000100101000101110011110010110001110101101000011011: 972
0110101111100000100110000011100110100011010000010000100101000101010001110011110001110101101000011001: 972
0100101101100000111110000011100110100011110000010000100100000101110011110011110001110101101000011011: 972
0100101111100000100110000011100110100011010000010000100101000101010001110011110001110101101000011001: 972
0100101101100000111110000011100110100011110000010000100100000101110011110010111001110101101000011011: 972
0100101101100001111111000011100110100011110000010000100101000101110011110010110001110101101000011011: 972
0100101101101000111110000011100110100010110000010010100100000101110011110011111001110101101000011011: 972
0100101111100000100110000011100110100011010000010000100101000101010001110011110001110101101000011001: 972
0100101101100000111110000011100110100011110000010000100101000101110011110010110001110101101000011011: 972
0100101111100000100110000011100110100011010000010000100101000001010001110011110101110101101000011001: 972
0100101101100000111110000011100110100011110000010000100100000101110011110011110001110101101000011011: 972
0100101101100000111110000011100110100011110000010000100100000101110011110011110001110101101000011011: 972
0100101111100000100110000011100110100011010000010000100101000101010001110011110001110101101000011001: 972
0100101101100000111110000011100110100011110000010000100100000101110011110011110001110101101000011011: 972
0100101101100000111110000011100110100011110000010000100100000101110011110011110001110101101000011011: 972
0100101111100000100110000011100110100011010000010000100101000101010001110011110001110101101000011001: 972
0100101101101000111110000011100110100010110000010010100100000101110011110011111001110101101000011011: 972
0100101101100000111110000011100110100011110000010000100101000101110011110010110001110101101000011011: 972
0100101101100000111110000011100110100011110000010000100100000101110011110010110001110101101000011011: 972
0100101011100000100110000011100110100011010000010000100101000101010001110011110001110101101000011001: 972
0100101101100000111110000011100110100011110000010000100100000101110011110011110001110101101000011011: 972
0100101101100000111110000011100110100011110000010000100100000101110011110011110001110101101000011011: 972
0110101101100000111111000011100110100011110000010000100100000101110011110011110001110101101000011011: 972
0100101101100000111110000011100110100011110000010000100100000101110011110011110001110101101000011111: 972
0100101101100000111110000011100110100011110000010010100100000101110011110011110001110101101000011011: 972
0100101101100000111110000011100110100011110000010010100100000101110011110011110001110101101000011011: 972
0110101101100000111110000011100110100010110000010010100100000101110011110011110001110101101000011011: 972
0110101101100000111110000011100110100011110000010000100100000101110011110010111001110101101000011011: 972
0100101101100000111110000011100110100011110000010000100100000101110011110011110001110101101000011011: 972
0100101101100000111110000011100110100011110000010000100100000101110011110011110001110101101000011111: 972
0100101101100000111110000011100110100010110000010010100100000101110011110011111001110101101000011011: 972
0100101101100000111110000011100110100011110000010000100101000101110011110010110001110101101000011011: 972
0100101111100000100110000011100110100011010000010000100101000101010001110011110001110101101000011001: 972
0100101111100000100110000011100110100011010000010000100101000101010001110011110001110101101000011001: 972
0100101001100000111110000011100110100011110000010000100101000101110011110010110001110101101000011001: 972
0100101101100000111110000011100110100011110000010000100101000101110011110011110001110101101000011011: 972
0100101101100000111110000011100110100011110000010010100100000101110011110011110001110101101000011011: 972
0100101101100000111110000011100110100010110000010010100100000101110011110011111001110101101000011011: 972
0100101101100000111110000011100110100011110000010000100100000101110011110011110001110101101000011111: 972
0100101101100000111110000011100110100011110000010000100100000101110011110011110001110101101000011011: 972
0100101001100000111110000011100110100011110000010000100101000101110011110010110001110101101000011011: 972
0100101111100000100110000011100110100011010000010000100101000101010001110011110001110101101000011001: 972
0110101101100000111110000011100110100011110000010000100101000101110011110010110001110101101000011011: 972
0100101111100000100110000011100110100011010000010000100101000101010001110011110001110101101000011001: 972
0100101111100000100110000011100110100011010000010000100101000101010001110011110001110101101000011001: 972
0100101101100000111110000011100110100010110000010010100100000101110011110011110001110101101000011011: 972
0110101111100000100110000011100110100011010000010000100101000101010001110011110001110101101000011001: 972
0100101101100000111110000011100110100011110000010000100100000101110011110011110001110101101000011111: 972
0100101111100000100110000011100110100011010000010000100101000101010001110011110001110101101000011001: 972
0100101101100000111110000011100110100011110000010000100101000101110011110010110001110101101000011011: 972
0100101101100000111110000011100110100011110000010000100100000101110011110011110001110101101000011111: 972
0100101111100000100110000011100110100011010000010000100101000101010001110011110001110101101000011001: 972
0100101101100000111110000011100110100011110000010000100100000101110011110011110001110101101000011011: 972
0100101111100000100110000011100110100011010000010000100101000001010001110011110101110101101000011001: 972
0100101111100000100110000011100110100011010000010000100101000001010001110011110101110101101000011001: 972
0100101101100000111110000011100110100011110000010000100101000101110011110010110001110101101000011011: 972
0100101111100000100110000011100110100011010000010000100101000101010001110011110001110101101000011001: 972
0100101101100000111110000011100110100011110000010000100100000101110011110011110001110101101000011011: 972
0110101101100000111110000011100110100011110000010000100100000101110011110010110001110101101000011011: 972
0100101101100000111110000011100110100011110000010010100100000101110011110011110001110101101000011011: 972
0100101101100000111110000011100110100011110000010010100100000101110011110011110001110101101000011111: 972
0100101111100000100110000011100110100011010000010000100101000101010001110011110001110101101000011001: 972
0100101101100000111110000011100110100011110000010010100100000101110011110011110001110101101000011011: 972
0110101111100000100110000011100110100011010000010000100101000101010001110011110001110101101000011001: 972
0100101101100000111110000011100110100011110000010000100100000101110011110011110001110101101000011011: 972
0100101101100000111110000011100110100011110000010000100100000101110011110011110001110101101000011011: 972
0100101101100000111110000011100110100011110000010000100100000101110011110011110001110101101000011011: 972

