rate, elasped time (s), max val, avg val
0.001000, 1, 2603, 2493.70
0.001000, 1, 2879, 2494.21
0.001000, 2, 2879, 2494.68
0.001000, 3, 3182, 2495.46
0.001000, 4, 3182, 2496.23
0.001000, 4, 3182, 2496.74
0.001000, 5, 3182, 2497.29
0.001000, 6, 3207, 2498.08
0.001000, 6, 3207, 2498.61
0.001000, 7, 3207, 2499.36
0.001000, 8, 3207, 2500.14
0.001000, 9, 3207, 2500.68
0.001000, 10, 3212, 2501.48
0.001000, 12, 3227, 2502.29
0.001000, 13, 3227, 2503.05
0.001000, 14, 3227, 2503.59
0.001000, 15, 3227, 2504.35
0.001000, 16, 3227, 2505.14
0.001000, 16, 3227, 2505.57
0.001000, 17, 3227, 2506.03
0.001000, 17, 3227, 2506.57
0.001000, 17, 3227, 2507.04
0.001000, 19, 3227, 2507.75
0.001000, 19, 3227, 2508.22
0.001000, 19, 3227, 2508.72
0.001000, 20, 3227, 2509.20
0.001000, 21, 3227, 2509.94
0.001000, 21, 3227, 2510.43
0.001000, 22, 3227, 2510.89
0.001000, 22, 3227, 2511.41
0.001000, 23, 3227, 2512.18
0.001000, 24, 3227, 2512.94
0.001000, 25, 3227, 2513.70
0.001000, 26, 3227, 2514.42
0.001000, 27, 3227, 2515.15
0.001000, 28, 3227, 2515.88
0.001000, 28, 3227, 2516.32
0.001000, 30, 3227, 2517.09
0.001000, 30, 3227, 2517.57
0.001000, 30, 3227, 2518.08
0.001000, 31, 3227, 2518.82
0.001000, 31, 3227, 2519.32
0.001000, 32, 3227, 2519.84
0.001000, 32, 3227, 2520.31
0.001000, 33, 3227, 2521.03
0.001000, 34, 3227, 2521.78
0.001000, 35, 3227, 2522.53
0.001000, 35, 3227, 2523.01
0.001000, 37, 3227, 2523.76
0.001000, 37, 3227, 2524.25
0.001000, 38, 3227, 2524.99
0.001000, 39, 3227, 2525.45
0.001000, 40, 3227, 2526.18
0.001000, 41, 3227, 2526.92
0.001000, 42, 3227, 2527.67
0.001000, 42, 3227, 2528.16
0.001000, 43, 3227, 2528.67
0.001000, 43, 3227, 2529.13
0.001000, 44, 3227, 2529.87
0.001000, 45, 3227, 2530.60
0.001000, 47, 3227, 2531.38
0.001000, 47, 3227, 2531.92
0.001000, 48, 3227, 2532.66
0.001000, 49, 3227, 2533.40
0.001000, 49, 3227, 2533.86
0.001000, 50, 3227, 2534.36
0.001000, 51, 3227, 2535.08
0.001000, 51, 3227, 2535.60
0.001000, 52, 3227, 2536.09
0.001000, 52, 3227, 2536.60
0.001000, 52, 3227, 2537.12
0.001000, 53, 3227, 2537.60
0.001000, 54, 3227, 2538.32
0.001000, 55, 3227, 2539.04
0.001000, 55, 3227, 2539.51
0.001000, 55, 3227, 2539.96
0.001000, 56, 3227, 2540.47
0.001000, 56, 3227, 2540.94
0.001000, 56, 3227, 2541.43
0.001000, 57, 3227, 2541.91
0.001000, 58, 3227, 2542.63
0.001000, 59, 3227, 2543.37
0.001000, 60, 3227, 2544.11
0.001000, 61, 3227, 2544.57
0.001000, 61, 3227, 2545.02
0.001000, 62, 3227, 2545.73
0.001000, 63, 3227, 2546.47
0.001000, 65, 3227, 2547.19
0.001000, 66, 3227, 2547.66
0.001000, 66, 3227, 2548.11
0.001000, 66, 3227, 2548.57
0.001000, 67, 3227, 2549.09
0.001000, 67, 3227, 2549.56
0.001000, 68, 3227, 2550.32
0.001000, 69, 3227, 2551.07
0.001000, 70, 3227, 2551.80
0.001000, 70, 3227, 2552.26
0.001000, 71, 3227, 2552.98
0.001000, 73, 3227, 2553.72
0.001000, 74, 3227, 2554.44
0.001000, 75, 3227, 2554.93
0.001000, 75, 3227, 2555.41
0.001000, 75, 3227, 2555.88
0.001000, 77, 3227, 2556.62
0.001000, 78, 3227, 2557.37
0.001000, 79, 3227, 2558.11
0.001000, 80, 3227, 2558.83
0.001000, 81, 3227, 2559.28
0.001000, 81, 3227, 2559.68
0.001000, 82, 3227, 2560.40
0.001000, 83, 3227, 2561.09
0.001000, 84, 3227, 2561.82
0.001000, 84, 3227, 2562.34
0.001000, 86, 3227, 2563.06
0.001000, 87, 3227, 2563.79
0.001000, 88, 3227, 2564.51
0.001000, 89, 3227, 2565.24
0.001000, 89, 3227, 2565.73
0.001000, 90, 3227, 2566.48
0.001000, 91, 3227, 2567.25
0.001000, 92, 3227, 2567.76
0.001000, 92, 3227, 2568.25
0.001000, 92, 3227, 2568.68
0.001000, 94, 3227, 2569.43
0.001000, 95, 3227, 2570.14
0.001000, 96, 3227, 2570.58
0.001000, 97, 3227, 2571.28
0.001000, 97, 3227, 2571.74
0.001000, 98, 3227, 2572.49
0.001000, 99, 3227, 2572.95
0.001000, 99, 3227, 2573.39
0.001000, 99, 3227, 2573.86
0.001000, 100, 3227, 2574.34
0.001000, 100, 3227, 2574.81
0.001000, 101, 3227, 2575.52
0.001000, 101, 3227, 2576.01
0.001000, 101, 3227, 2576.46
0.001000, 103, 3227, 2577.16
0.001000, 103, 3227, 2577.64
0.001000, 104, 3227, 2578.09
0.001000, 104, 3227, 2578.55
0.001000, 104, 3227, 2579.05
0.001000, 105, 3227, 2579.76
0.001000, 105, 3227, 2580.21
0.001000, 106, 3227, 2580.69
0.001000, 106, 3227, 2581.16
0.001000, 106, 3227, 2581.61
0.001000, 108, 3227, 2582.38
0.001000, 109, 3227, 2583.11
0.001000, 110, 3227, 2583.62
0.001000, 111, 3227, 2584.33
0.001000, 111, 3227, 2584.78
0.001000, 112, 3227, 2585.53
0.001000, 113, 3227, 2586.04
0.001000, 113, 3227, 2586.49
0.001000, 114, 3227, 2587.24
0.001000, 114, 3227, 2587.69
0.001000, 115, 3227, 2588.13
0.001000, 115, 3227, 2588.65
0.001000, 115, 3227, 2589.07
0.001000, 117, 3227, 2589.78
0.001000, 117, 3227, 2590.25
0.001000, 118, 3227, 2590.71
0.001000, 118, 3227, 2591.20
0.001000, 120, 3227, 2591.91
0.001000, 122, 3227, 2592.63
0.001000, 122, 3227, 2593.16
0.001000, 123, 3227, 2593.92
0.001000, 124, 3227, 2594.35
0.001000, 124, 3227, 2594.82
0.001000, 124, 3227, 2595.32
0.001000, 125, 3227, 2595.80
0.001000, 125, 3227, 2596.27
0.001000, 126, 3227, 2596.76
0.001000, 127, 3227, 2597.47
0.001000, 127, 3227, 2597.95
0.001000, 128, 3227, 2598.67
0.001000, 128, 3227, 2599.15
0.001000, 129, 3227, 2599.61
0.001000, 129, 3227, 2600.34
0.001000, 130, 3227, 2601.06
0.001000, 132, 3227, 2601.78
0.001000, 133, 3227, 2602.49
0.001000, 134, 3227, 2602.98
0.001000, 135, 3227, 2603.72
0.001000, 135, 3227, 2604.17
0.001000, 136, 3227, 2604.63
0.001000, 137, 3227, 2605.35
0.001000, 137, 3227, 2605.81
0.001000, 137, 3227, 2606.24
0.001000, 139, 3227, 2607.01
0.001000, 139, 3227, 2607.50
0.001000, 140, 3227, 2607.99
0.001000, 140, 3227, 2608.46
0.001000, 140, 3227, 2608.91
0.001000, 141, 3227, 2609.39
0.001000, 141, 3227, 2609.93
0.001000, 142, 3227, 2610.65
0.001000, 143, 3227, 2611.15
0.001000, 143, 3227, 2611.85
0.001000, 144, 3227, 2612.36
0.001000, 144, 3227, 2612.86
0.001000, 146, 3227, 2613.57
0.001000, 146, 3227, 2614.07
0.001000, 146, 3227, 2614.55
0.001000, 147, 3227, 2615.06
0.001000, 147, 3227, 2615.58
0.001000, 147, 3227, 2616.09
0.001000, 149, 3227, 2616.82
0.001000, 150, 3227, 2617.25
0.001000, 150, 3227, 2617.81
0.001000, 151, 3227, 2618.54
0.001000, 151, 3227, 2619.04
0.001000, 152, 3227, 2619.78
0.001000, 154, 3227, 2620.49
0.001000, 155, 3227, 2621.18
0.001000, 155, 3227, 2621.66
0.001000, 155, 3227, 2622.13
0.001000, 156, 3227, 2622.84
0.001000, 157, 3227, 2623.32
0.001000, 158, 3227, 2624.07
0.001000, 159, 3227, 2624.76
0.001000, 160, 3227, 2625.20
0.001000, 160, 3227, 2625.67
0.001000, 161, 3227, 2626.39
0.001000, 162, 3227, 2626.89
0.001000, 162, 3227, 2627.35
0.001000, 162, 3227, 2627.82
0.001000, 163, 3227, 2628.36
0.001000, 163, 3227, 2628.81
0.001000, 164, 3227, 2629.56
0.001000, 165, 3227, 2630.08
0.001000, 166, 3227, 2630.80
0.001000, 167, 3227, 2631.27
0.001000, 168, 3227, 2631.95
0.001000, 169, 3227, 2632.65
0.001000, 171, 3227, 2633.35
0.001000, 171, 3227, 2633.79
0.001000, 171, 3227, 2634.21
0.001000, 173, 3227, 2634.96
0.001000, 174, 3227, 2635.68
0.001000, 174, 3227, 2636.12
0.001000, 175, 3227, 2636.58
0.001000, 176, 3227, 2637.28
0.001000, 176, 3227, 2637.73
0.001000, 178, 3227, 2638.45
0.001000, 180, 3227, 2639.17
